{"C:\\projets\\miniat-react\\miniatauto-react\\src\\App.js": {"path":"C:\\projets\\miniat-react\\miniatauto-react\\src\\App.js","statementMap":{"0":{"start":{"line":28,"column":4},"end":{"line":46,"column":5}}},"fnMap":{"0":{"name":"(anonymous_0)","decl":{"start":{"line":27,"column":2},"end":{"line":27,"column":3}},"loc":{"start":{"line":27,"column":11},"end":{"line":47,"column":3}},"line":27}},"branchMap":{},"s":{"0":0},"f":{"0":0},"b":{},"_coverageSchema":"43e27e138ebf9cfc5966b082cf9a028302ed4184","hash":"dd4b274d7989f270dd9c8055a1a7959f45ce12b4"}
,"C:\\projets\\miniat-react\\miniatauto-react\\src\\carsData.js": {"path":"C:\\projets\\miniat-react\\miniatauto-react\\src\\carsData.js","statementMap":{"0":{"start":{"line":1,"column":17},"end":{"line":42,"column":1}}},"fnMap":{},"branchMap":{},"s":{"0":0},"f":{},"b":{},"hash":"4cfb3d9ba7fbc64be190a9ea0d493588b3b08169"}
,"C:\\projets\\miniat-react\\miniatauto-react\\src\\db.js": {"path":"C:\\projets\\miniat-react\\miniatauto-react\\src\\db.js","statementMap":{"0":{"start":{"line":1,"column":13},"end":{"line":542,"column":1}}},"fnMap":{},"branchMap":{},"s":{"0":1},"f":{},"b":{},"_coverageSchema":"43e27e138ebf9cfc5966b082cf9a028302ed4184","hash":"8e01ad02e0d728ab33c2c38976ac9d4492bf07de"}
,"C:\\projets\\miniat-react\\miniatauto-react\\src\\index.js": {"path":"C:\\projets\\miniat-react\\miniatauto-react\\src\\index.js","statementMap":{"0":{"start":{"line":18,"column":14},"end":{"line":24,"column":1}},"1":{"start":{"line":26,"column":0},"end":{"line":26,"column":93}},"2":{"start":{"line":31,"column":0},"end":{"line":31,"column":27}}},"fnMap":{},"branchMap":{},"s":{"0":0,"1":0,"2":0},"f":{},"b":{},"hash":"162a9f6bd7fc81abf73e8e91eba3955435c06481"}
,"C:\\projets\\miniat-react\\miniatauto-react\\src\\serviceWorker.js": {"path":"C:\\projets\\miniat-react\\miniatauto-react\\src\\serviceWorker.js","statementMap":{"0":{"start":{"line":13,"column":20},"end":{"line":21,"column":1}},"1":{"start":{"line":24,"column":2},"end":{"line":54,"column":3}},"2":{"start":{"line":26,"column":22},"end":{"line":26,"column":75}},"3":{"start":{"line":27,"column":4},"end":{"line":32,"column":5}},"4":{"start":{"line":31,"column":6},"end":{"line":31,"column":13}},"5":{"start":{"line":34,"column":4},"end":{"line":53,"column":7}},"6":{"start":{"line":35,"column":20},"end":{"line":35,"column":65}},"7":{"start":{"line":37,"column":6},"end":{"line":52,"column":7}},"8":{"start":{"line":39,"column":8},"end":{"line":39,"column":47}},"9":{"start":{"line":43,"column":8},"end":{"line":48,"column":11}},"10":{"start":{"line":44,"column":10},"end":{"line":47,"column":12}},"11":{"start":{"line":51,"column":8},"end":{"line":51,"column":39}},"12":{"start":{"line":58,"column":2},"end":{"line":98,"column":7}},"13":{"start":{"line":61,"column":6},"end":{"line":94,"column":8}},"14":{"start":{"line":62,"column":33},"end":{"line":62,"column":56}},"15":{"start":{"line":63,"column":8},"end":{"line":65,"column":9}},"16":{"start":{"line":64,"column":10},"end":{"line":64,"column":17}},"17":{"start":{"line":66,"column":8},"end":{"line":93,"column":10}},"18":{"start":{"line":67,"column":10},"end":{"line":92,"column":11}},"19":{"start":{"line":68,"column":12},"end":{"line":91,"column":13}},"20":{"start":{"line":72,"column":14},"end":{"line":75,"column":16}},"21":{"start":{"line":78,"column":14},"end":{"line":80,"column":15}},"22":{"start":{"line":79,"column":16},"end":{"line":79,"column":46}},"23":{"start":{"line":85,"column":14},"end":{"line":85,"column":64}},"24":{"start":{"line":88,"column":14},"end":{"line":90,"column":15}},"25":{"start":{"line":89,"column":16},"end":{"line":89,"column":47}},"26":{"start":{"line":97,"column":6},"end":{"line":97,"column":72}},"27":{"start":{"line":103,"column":2},"end":{"line":126,"column":7}},"28":{"start":{"line":106,"column":26},"end":{"line":106,"column":62}},"29":{"start":{"line":107,"column":6},"end":{"line":120,"column":7}},"30":{"start":{"line":112,"column":8},"end":{"line":116,"column":11}},"31":{"start":{"line":113,"column":10},"end":{"line":115,"column":13}},"32":{"start":{"line":114,"column":12},"end":{"line":114,"column":37}},"33":{"start":{"line":119,"column":8},"end":{"line":119,"column":39}},"34":{"start":{"line":123,"column":6},"end":{"line":125,"column":8}},"35":{"start":{"line":130,"column":2},"end":{"line":134,"column":3}},"36":{"start":{"line":131,"column":4},"end":{"line":133,"column":7}},"37":{"start":{"line":132,"column":6},"end":{"line":132,"column":32}}},"fnMap":{"0":{"name":"register","decl":{"start":{"line":23,"column":16},"end":{"line":23,"column":24}},"loc":{"start":{"line":23,"column":33},"end":{"line":55,"column":1}},"line":23},"1":{"name":"(anonymous_1)","decl":{"start":{"line":34,"column":36},"end":{"line":34,"column":37}},"loc":{"start":{"line":34,"column":42},"end":{"line":53,"column":5}},"line":34},"2":{"name":"(anonymous_2)","decl":{"start":{"line":43,"column":43},"end":{"line":43,"column":44}},"loc":{"start":{"line":43,"column":49},"end":{"line":48,"column":9}},"line":43},"3":{"name":"registerValidSW","decl":{"start":{"line":57,"column":9},"end":{"line":57,"column":24}},"loc":{"start":{"line":57,"column":40},"end":{"line":99,"column":1}},"line":57},"4":{"name":"(anonymous_4)","decl":{"start":{"line":60,"column":10},"end":{"line":60,"column":11}},"loc":{"start":{"line":60,"column":26},"end":{"line":95,"column":5}},"line":60},"5":{"name":"(anonymous_5)","decl":{"start":{"line":61,"column":35},"end":{"line":61,"column":36}},"loc":{"start":{"line":61,"column":41},"end":{"line":94,"column":7}},"line":61},"6":{"name":"(anonymous_6)","decl":{"start":{"line":66,"column":41},"end":{"line":66,"column":42}},"loc":{"start":{"line":66,"column":47},"end":{"line":93,"column":9}},"line":66},"7":{"name":"(anonymous_7)","decl":{"start":{"line":96,"column":11},"end":{"line":96,"column":12}},"loc":{"start":{"line":96,"column":20},"end":{"line":98,"column":5}},"line":96},"8":{"name":"checkValidServiceWorker","decl":{"start":{"line":101,"column":9},"end":{"line":101,"column":32}},"loc":{"start":{"line":101,"column":48},"end":{"line":127,"column":1}},"line":101},"9":{"name":"(anonymous_9)","decl":{"start":{"line":104,"column":10},"end":{"line":104,"column":11}},"loc":{"start":{"line":104,"column":22},"end":{"line":121,"column":5}},"line":104},"10":{"name":"(anonymous_10)","decl":{"start":{"line":112,"column":43},"end":{"line":112,"column":44}},"loc":{"start":{"line":112,"column":59},"end":{"line":116,"column":9}},"line":112},"11":{"name":"(anonymous_11)","decl":{"start":{"line":113,"column":41},"end":{"line":113,"column":42}},"loc":{"start":{"line":113,"column":47},"end":{"line":115,"column":11}},"line":113},"12":{"name":"(anonymous_12)","decl":{"start":{"line":122,"column":11},"end":{"line":122,"column":12}},"loc":{"start":{"line":122,"column":17},"end":{"line":126,"column":5}},"line":122},"13":{"name":"unregister","decl":{"start":{"line":129,"column":16},"end":{"line":129,"column":26}},"loc":{"start":{"line":129,"column":29},"end":{"line":135,"column":1}},"line":129},"14":{"name":"(anonymous_14)","decl":{"start":{"line":131,"column":39},"end":{"line":131,"column":40}},"loc":{"start":{"line":131,"column":55},"end":{"line":133,"column":5}},"line":131}},"branchMap":{"0":{"loc":{"start":{"line":14,"column":2},"end":{"line":20,"column":5}},"type":"binary-expr","locations":[{"start":{"line":14,"column":2},"end":{"line":14,"column":42}},{"start":{"line":16,"column":4},"end":{"line":16,"column":40}},{"start":{"line":18,"column":4},"end":{"line":20,"column":5}}],"line":14},"1":{"loc":{"start":{"line":24,"column":2},"end":{"line":54,"column":3}},"type":"if","locations":[{"start":{"line":24,"column":2},"end":{"line":54,"column":3}},{"start":{"line":24,"column":2},"end":{"line":54,"column":3}}],"line":24},"2":{"loc":{"start":{"line":24,"column":6},"end":{"line":24,"column":75}},"type":"binary-expr","locations":[{"start":{"line":24,"column":6},"end":{"line":24,"column":43}},{"start":{"line":24,"column":47},"end":{"line":24,"column":75}}],"line":24},"3":{"loc":{"start":{"line":27,"column":4},"end":{"line":32,"column":5}},"type":"if","locations":[{"start":{"line":27,"column":4},"end":{"line":32,"column":5}},{"start":{"line":27,"column":4},"end":{"line":32,"column":5}}],"line":27},"4":{"loc":{"start":{"line":37,"column":6},"end":{"line":52,"column":7}},"type":"if","locations":[{"start":{"line":37,"column":6},"end":{"line":52,"column":7}},{"start":{"line":37,"column":6},"end":{"line":52,"column":7}}],"line":37},"5":{"loc":{"start":{"line":63,"column":8},"end":{"line":65,"column":9}},"type":"if","locations":[{"start":{"line":63,"column":8},"end":{"line":65,"column":9}},{"start":{"line":63,"column":8},"end":{"line":65,"column":9}}],"line":63},"6":{"loc":{"start":{"line":67,"column":10},"end":{"line":92,"column":11}},"type":"if","locations":[{"start":{"line":67,"column":10},"end":{"line":92,"column":11}},{"start":{"line":67,"column":10},"end":{"line":92,"column":11}}],"line":67},"7":{"loc":{"start":{"line":68,"column":12},"end":{"line":91,"column":13}},"type":"if","locations":[{"start":{"line":68,"column":12},"end":{"line":91,"column":13}},{"start":{"line":68,"column":12},"end":{"line":91,"column":13}}],"line":68},"8":{"loc":{"start":{"line":78,"column":14},"end":{"line":80,"column":15}},"type":"if","locations":[{"start":{"line":78,"column":14},"end":{"line":80,"column":15}},{"start":{"line":78,"column":14},"end":{"line":80,"column":15}}],"line":78},"9":{"loc":{"start":{"line":78,"column":18},"end":{"line":78,"column":43}},"type":"binary-expr","locations":[{"start":{"line":78,"column":18},"end":{"line":78,"column":24}},{"start":{"line":78,"column":28},"end":{"line":78,"column":43}}],"line":78},"10":{"loc":{"start":{"line":88,"column":14},"end":{"line":90,"column":15}},"type":"if","locations":[{"start":{"line":88,"column":14},"end":{"line":90,"column":15}},{"start":{"line":88,"column":14},"end":{"line":90,"column":15}}],"line":88},"11":{"loc":{"start":{"line":88,"column":18},"end":{"line":88,"column":44}},"type":"binary-expr","locations":[{"start":{"line":88,"column":18},"end":{"line":88,"column":24}},{"start":{"line":88,"column":28},"end":{"line":88,"column":44}}],"line":88},"12":{"loc":{"start":{"line":107,"column":6},"end":{"line":120,"column":7}},"type":"if","locations":[{"start":{"line":107,"column":6},"end":{"line":120,"column":7}},{"start":{"line":107,"column":6},"end":{"line":120,"column":7}}],"line":107},"13":{"loc":{"start":{"line":108,"column":8},"end":{"line":109,"column":73}},"type":"binary-expr","locations":[{"start":{"line":108,"column":8},"end":{"line":108,"column":31}},{"start":{"line":109,"column":9},"end":{"line":109,"column":28}},{"start":{"line":109,"column":32},"end":{"line":109,"column":72}}],"line":108},"14":{"loc":{"start":{"line":130,"column":2},"end":{"line":134,"column":3}},"type":"if","locations":[{"start":{"line":130,"column":2},"end":{"line":134,"column":3}},{"start":{"line":130,"column":2},"end":{"line":134,"column":3}}],"line":130}},"s":{"0":0,"1":0,"2":0,"3":0,"4":0,"5":0,"6":0,"7":0,"8":0,"9":0,"10":0,"11":0,"12":0,"13":0,"14":0,"15":0,"16":0,"17":0,"18":0,"19":0,"20":0,"21":0,"22":0,"23":0,"24":0,"25":0,"26":0,"27":0,"28":0,"29":0,"30":0,"31":0,"32":0,"33":0,"34":0,"35":0,"36":0,"37":0},"f":{"0":0,"1":0,"2":0,"3":0,"4":0,"5":0,"6":0,"7":0,"8":0,"9":0,"10":0,"11":0,"12":0,"13":0,"14":0},"b":{"0":[0,0,0],"1":[0,0],"2":[0,0],"3":[0,0],"4":[0,0],"5":[0,0],"6":[0,0],"7":[0,0],"8":[0,0],"9":[0,0],"10":[0,0],"11":[0,0],"12":[0,0],"13":[0,0,0],"14":[0,0]},"hash":"fb8aefd1e9c838a3854c6c12b3839f2301ea2676"}
,"C:\\projets\\miniat-react\\miniatauto-react\\src\\actions\\postActions.js": {"path":"C:\\projets\\miniat-react\\miniatauto-react\\src\\actions\\postActions.js","statementMap":{"0":{"start":{"line":1,"column":27},"end":{"line":6,"column":1}},"1":{"start":{"line":2,"column":4},"end":{"line":5,"column":5}}},"fnMap":{"0":{"name":"(anonymous_0)","decl":{"start":{"line":1,"column":27},"end":{"line":1,"column":28}},"loc":{"start":{"line":1,"column":38},"end":{"line":6,"column":1}},"line":1}},"branchMap":{},"s":{"0":1,"1":0},"f":{"0":0},"b":{},"_coverageSchema":"43e27e138ebf9cfc5966b082cf9a028302ed4184","hash":"b9d31c553449ef407c09fd4b82a3e1cef772d6de"}
,"C:\\projets\\miniat-react\\miniatauto-react\\src\\components\\AddForm\\AddForm.js": {"path":"C:\\projets\\miniat-react\\miniatauto-react\\src\\components\\AddForm\\AddForm.js","statementMap":{"0":{"start":{"line":8,"column":8},"end":{"line":8,"column":16}},"1":{"start":{"line":10,"column":8},"end":{"line":20,"column":9}},"2":{"start":{"line":24,"column":18},"end":{"line":28,"column":5}},"3":{"start":{"line":25,"column":8},"end":{"line":27,"column":11}},"4":{"start":{"line":30,"column":17},"end":{"line":45,"column":5}},"5":{"start":{"line":31,"column":8},"end":{"line":31,"column":32}},"6":{"start":{"line":32,"column":8},"end":{"line":32,"column":27}},"7":{"start":{"line":34,"column":8},"end":{"line":40,"column":11}},"8":{"start":{"line":42,"column":8},"end":{"line":42,"column":35}},"9":{"start":{"line":43,"column":8},"end":{"line":43,"column":34}},"10":{"start":{"line":44,"column":8},"end":{"line":44,"column":36}},"11":{"start":{"line":47,"column":15},"end":{"line":51,"column":5}},"12":{"start":{"line":48,"column":8},"end":{"line":50,"column":11}},"13":{"start":{"line":55,"column":25},"end":{"line":59,"column":9}},"14":{"start":{"line":57,"column":16},"end":{"line":57,"column":102}},"15":{"start":{"line":63,"column":31},"end":{"line":67,"column":9}},"16":{"start":{"line":64,"column":12},"end":{"line":66,"column":15}},"17":{"start":{"line":65,"column":16},"end":{"line":65,"column":52}},"18":{"start":{"line":69,"column":8},"end":{"line":100,"column":9}},"19":{"start":{"line":83,"column":32},"end":{"line":83,"column":88}}},"fnMap":{"0":{"name":"(anonymous_0)","decl":{"start":{"line":7,"column":4},"end":{"line":7,"column":5}},"loc":{"start":{"line":7,"column":18},"end":{"line":21,"column":5}},"line":7},"1":{"name":"(anonymous_1)","decl":{"start":{"line":24,"column":18},"end":{"line":24,"column":19}},"loc":{"start":{"line":24,"column":25},"end":{"line":28,"column":5}},"line":24},"2":{"name":"(anonymous_2)","decl":{"start":{"line":30,"column":17},"end":{"line":30,"column":18}},"loc":{"start":{"line":30,"column":24},"end":{"line":45,"column":5}},"line":30},"3":{"name":"(anonymous_3)","decl":{"start":{"line":47,"column":15},"end":{"line":47,"column":16}},"loc":{"start":{"line":47,"column":22},"end":{"line":51,"column":5}},"line":47},"4":{"name":"(anonymous_4)","decl":{"start":{"line":53,"column":4},"end":{"line":53,"column":5}},"loc":{"start":{"line":53,"column":13},"end":{"line":101,"column":5}},"line":53},"5":{"name":"(anonymous_5)","decl":{"start":{"line":56,"column":12},"end":{"line":56,"column":13}},"loc":{"start":{"line":56,"column":21},"end":{"line":58,"column":13}},"line":56},"6":{"name":"(anonymous_6)","decl":{"start":{"line":63,"column":31},"end":{"line":63,"column":32}},"loc":{"start":{"line":63,"column":41},"end":{"line":67,"column":9}},"line":63},"7":{"name":"(anonymous_7)","decl":{"start":{"line":64,"column":28},"end":{"line":64,"column":29}},"loc":{"start":{"line":64,"column":44},"end":{"line":66,"column":13}},"line":64},"8":{"name":"(anonymous_8)","decl":{"start":{"line":82,"column":28},"end":{"line":82,"column":29}},"loc":{"start":{"line":82,"column":43},"end":{"line":84,"column":29}},"line":82}},"branchMap":{},"s":{"0":0,"1":0,"2":0,"3":0,"4":0,"5":0,"6":0,"7":0,"8":0,"9":0,"10":0,"11":0,"12":0,"13":0,"14":0,"15":0,"16":0,"17":0,"18":0,"19":0},"f":{"0":0,"1":0,"2":0,"3":0,"4":0,"5":0,"6":0,"7":0,"8":0},"b":{},"_coverageSchema":"43e27e138ebf9cfc5966b082cf9a028302ed4184","hash":"7020d3aa9a70bc14b7ce2cb5eac3ad701283a9cd"}
,"C:\\projets\\miniat-react\\miniatauto-react\\src\\components\\Auth\\SignIn.js": {"path":"C:\\projets\\miniat-react\\miniatauto-react\\src\\components\\Auth\\SignIn.js","statementMap":{"0":{"start":{"line":6,"column":12},"end":{"line":11,"column":5}},"1":{"start":{"line":13,"column":19},"end":{"line":17,"column":5}},"2":{"start":{"line":14,"column":8},"end":{"line":16,"column":10}},"3":{"start":{"line":19,"column":19},"end":{"line":21,"column":5}},"4":{"start":{"line":20,"column":8},"end":{"line":20,"column":27}},"5":{"start":{"line":24,"column":8},"end":{"line":61,"column":9}}},"fnMap":{"0":{"name":"(anonymous_0)","decl":{"start":{"line":13,"column":19},"end":{"line":13,"column":20}},"loc":{"start":{"line":13,"column":26},"end":{"line":17,"column":5}},"line":13},"1":{"name":"(anonymous_1)","decl":{"start":{"line":19,"column":19},"end":{"line":19,"column":20}},"loc":{"start":{"line":19,"column":26},"end":{"line":21,"column":5}},"line":19},"2":{"name":"(anonymous_2)","decl":{"start":{"line":23,"column":4},"end":{"line":23,"column":5}},"loc":{"start":{"line":23,"column":13},"end":{"line":62,"column":5}},"line":23}},"branchMap":{},"s":{"0":0,"1":0,"2":0,"3":0,"4":0,"5":0},"f":{"0":0,"1":0,"2":0},"b":{},"_coverageSchema":"43e27e138ebf9cfc5966b082cf9a028302ed4184","hash":"fbd79fb5b6f19ef8ca4dce42c7dc8049aaf77b13"}
,"C:\\projets\\miniat-react\\miniatauto-react\\src\\components\\Auth\\SignUp.js": {"path":"C:\\projets\\miniat-react\\miniatauto-react\\src\\components\\Auth\\SignUp.js","statementMap":{"0":{"start":{"line":6,"column":12},"end":{"line":11,"column":5}},"1":{"start":{"line":13,"column":19},"end":{"line":17,"column":5}},"2":{"start":{"line":14,"column":8},"end":{"line":16,"column":10}},"3":{"start":{"line":19,"column":19},"end":{"line":22,"column":5}},"4":{"start":{"line":20,"column":8},"end":{"line":20,"column":27}},"5":{"start":{"line":21,"column":8},"end":{"line":21,"column":43}},"6":{"start":{"line":25,"column":8},"end":{"line":62,"column":9}}},"fnMap":{"0":{"name":"(anonymous_0)","decl":{"start":{"line":13,"column":19},"end":{"line":13,"column":20}},"loc":{"start":{"line":13,"column":26},"end":{"line":17,"column":5}},"line":13},"1":{"name":"(anonymous_1)","decl":{"start":{"line":19,"column":19},"end":{"line":19,"column":20}},"loc":{"start":{"line":19,"column":26},"end":{"line":22,"column":5}},"line":19},"2":{"name":"(anonymous_2)","decl":{"start":{"line":24,"column":4},"end":{"line":24,"column":5}},"loc":{"start":{"line":24,"column":13},"end":{"line":63,"column":5}},"line":24}},"branchMap":{},"s":{"0":0,"1":0,"2":0,"3":0,"4":0,"5":0,"6":0},"f":{"0":0,"1":0,"2":0},"b":{},"_coverageSchema":"43e27e138ebf9cfc5966b082cf9a028302ed4184","hash":"99ab797e31195da27d9cc10e628620c47ce6f9c7"}
,"C:\\projets\\miniat-react\\miniatauto-react\\src\\components\\Autocomplete\\Autocomplete.js": {"path":"C:\\projets\\miniat-react\\miniatauto-react\\src\\components\\Autocomplete\\Autocomplete.js","statementMap":{"0":{"start":{"line":12,"column":8},"end":{"line":12,"column":15}},"1":{"start":{"line":13,"column":8},"end":{"line":19,"column":9}},"2":{"start":{"line":20,"column":8},"end":{"line":20,"column":49}},"3":{"start":{"line":25,"column":8},"end":{"line":30,"column":11}},"4":{"start":{"line":26,"column":12},"end":{"line":28,"column":15}},"5":{"start":{"line":33,"column":8},"end":{"line":41,"column":32}},"6":{"start":{"line":34,"column":25},"end":{"line":34,"column":35}},"7":{"start":{"line":36,"column":16},"end":{"line":38,"column":18}},"8":{"start":{"line":43,"column":8},"end":{"line":43,"column":23}},"9":{"start":{"line":47,"column":26},"end":{"line":47,"column":48}},"10":{"start":{"line":49,"column":32},"end":{"line":57,"column":10}},"11":{"start":{"line":50,"column":12},"end":{"line":56,"column":73}},"12":{"start":{"line":59,"column":8},"end":{"line":62,"column":11}},"13":{"start":{"line":66,"column":8},"end":{"line":76,"column":11}},"14":{"start":{"line":67,"column":12},"end":{"line":75,"column":13}},"15":{"start":{"line":68,"column":16},"end":{"line":70,"column":19}},"16":{"start":{"line":72,"column":16},"end":{"line":74,"column":19}},"17":{"start":{"line":80,"column":8},"end":{"line":82,"column":10}},"18":{"start":{"line":87,"column":26},"end":{"line":87,"column":59}},"19":{"start":{"line":88,"column":27},"end":{"line":88,"column":43}},"20":{"start":{"line":90,"column":8},"end":{"line":130,"column":10}},"21":{"start":{"line":94,"column":39},"end":{"line":94,"column":64}},"22":{"start":{"line":103,"column":40},"end":{"line":103,"column":55}},"23":{"start":{"line":116,"column":28},"end":{"line":125,"column":33}},"24":{"start":{"line":117,"column":114},"end":{"line":117,"column":139}},"25":{"start":{"line":134,"column":24},"end":{"line":138,"column":1}},"26":{"start":{"line":135,"column":4},"end":{"line":137,"column":5}}},"fnMap":{"0":{"name":"(anonymous_0)","decl":{"start":{"line":11,"column":4},"end":{"line":11,"column":5}},"loc":{"start":{"line":11,"column":18},"end":{"line":21,"column":5}},"line":11},"1":{"name":"(anonymous_1)","decl":{"start":{"line":24,"column":4},"end":{"line":24,"column":5}},"loc":{"start":{"line":24,"column":24},"end":{"line":44,"column":5}},"line":24},"2":{"name":"(anonymous_2)","decl":{"start":{"line":25,"column":40},"end":{"line":25,"column":41}},"loc":{"start":{"line":25,"column":46},"end":{"line":30,"column":9}},"line":25},"3":{"name":"(anonymous_3)","decl":{"start":{"line":34,"column":18},"end":{"line":34,"column":19}},"loc":{"start":{"line":34,"column":25},"end":{"line":34,"column":35}},"line":34},"4":{"name":"(anonymous_4)","decl":{"start":{"line":35,"column":18},"end":{"line":35,"column":19}},"loc":{"start":{"line":35,"column":28},"end":{"line":40,"column":13}},"line":35},"5":{"name":"(anonymous_5)","decl":{"start":{"line":46,"column":4},"end":{"line":46,"column":5}},"loc":{"start":{"line":46,"column":16},"end":{"line":63,"column":5}},"line":46},"6":{"name":"(anonymous_6)","decl":{"start":{"line":49,"column":78},"end":{"line":49,"column":79}},"loc":{"start":{"line":49,"column":93},"end":{"line":57,"column":9}},"line":49},"7":{"name":"(anonymous_7)","decl":{"start":{"line":65,"column":4},"end":{"line":65,"column":5}},"loc":{"start":{"line":65,"column":14},"end":{"line":77,"column":5}},"line":65},"8":{"name":"(anonymous_8)","decl":{"start":{"line":66,"column":51},"end":{"line":66,"column":52}},"loc":{"start":{"line":66,"column":62},"end":{"line":76,"column":9}},"line":66},"9":{"name":"(anonymous_9)","decl":{"start":{"line":79,"column":4},"end":{"line":79,"column":5}},"loc":{"start":{"line":79,"column":30},"end":{"line":83,"column":5}},"line":79},"10":{"name":"(anonymous_10)","decl":{"start":{"line":85,"column":4},"end":{"line":85,"column":5}},"loc":{"start":{"line":85,"column":13},"end":{"line":131,"column":5}},"line":85},"11":{"name":"(anonymous_11)","decl":{"start":{"line":94,"column":33},"end":{"line":94,"column":34}},"loc":{"start":{"line":94,"column":39},"end":{"line":94,"column":64}},"line":94},"12":{"name":"(anonymous_12)","decl":{"start":{"line":103,"column":34},"end":{"line":103,"column":35}},"loc":{"start":{"line":103,"column":40},"end":{"line":103,"column":55}},"line":103},"13":{"name":"(anonymous_13)","decl":{"start":{"line":115,"column":56},"end":{"line":115,"column":57}},"loc":{"start":{"line":116,"column":28},"end":{"line":125,"column":33}},"line":116},"14":{"name":"(anonymous_14)","decl":{"start":{"line":117,"column":108},"end":{"line":117,"column":109}},"loc":{"start":{"line":117,"column":114},"end":{"line":117,"column":139}},"line":117},"15":{"name":"(anonymous_15)","decl":{"start":{"line":134,"column":24},"end":{"line":134,"column":25}},"loc":{"start":{"line":134,"column":35},"end":{"line":138,"column":1}},"line":134}},"branchMap":{"0":{"loc":{"start":{"line":50,"column":19},"end":{"line":56,"column":72}},"type":"binary-expr","locations":[{"start":{"line":50,"column":19},"end":{"line":50,"column":73}},{"start":{"line":51,"column":16},"end":{"line":51,"column":70}},{"start":{"line":52,"column":16},"end":{"line":52,"column":72}},{"start":{"line":53,"column":16},"end":{"line":53,"column":69}},{"start":{"line":54,"column":16},"end":{"line":54,"column":74}},{"start":{"line":55,"column":16},"end":{"line":55,"column":70}},{"start":{"line":56,"column":16},"end":{"line":56,"column":72}}],"line":50},"1":{"loc":{"start":{"line":67,"column":12},"end":{"line":75,"column":13}},"type":"if","locations":[{"start":{"line":67,"column":12},"end":{"line":75,"column":13}},{"start":{"line":67,"column":12},"end":{"line":75,"column":13}}],"line":67},"2":{"loc":{"start":{"line":91,"column":28},"end":{"line":91,"column":81}},"type":"cond-expr","locations":[{"start":{"line":91,"column":52},"end":{"line":91,"column":70}},{"start":{"line":91,"column":73},"end":{"line":91,"column":81}}],"line":91},"3":{"loc":{"start":{"line":114,"column":35},"end":{"line":114,"column":98}},"type":"cond-expr","locations":[{"start":{"line":114,"column":57},"end":{"line":114,"column":81}},{"start":{"line":114,"column":84},"end":{"line":114,"column":98}}],"line":114}},"s":{"0":0,"1":0,"2":0,"3":0,"4":0,"5":0,"6":0,"7":0,"8":0,"9":0,"10":0,"11":0,"12":0,"13":0,"14":0,"15":0,"16":0,"17":0,"18":0,"19":0,"20":0,"21":0,"22":0,"23":0,"24":0,"25":1,"26":0},"f":{"0":0,"1":0,"2":0,"3":0,"4":0,"5":0,"6":0,"7":0,"8":0,"9":0,"10":0,"11":0,"12":0,"13":0,"14":0,"15":0},"b":{"0":[0,0,0,0,0,0,0],"1":[0,0],"2":[0,0],"3":[0,0]},"_coverageSchema":"43e27e138ebf9cfc5966b082cf9a028302ed4184","hash":"e8bbecaceb290d665f26c1f3ca6767c564c4c429"}
,"C:\\projets\\miniat-react\\miniatauto-react\\src\\components\\Button\\Button.js": {"path":"C:\\projets\\miniat-react\\miniatauto-react\\src\\components\\Button\\Button.js","statementMap":{"0":{"start":{"line":6,"column":8},"end":{"line":6,"column":55}}},"fnMap":{"0":{"name":"(anonymous_0)","decl":{"start":{"line":5,"column":4},"end":{"line":5,"column":5}},"loc":{"start":{"line":5,"column":13},"end":{"line":7,"column":5}},"line":5}},"branchMap":{},"s":{"0":1},"f":{"0":1},"b":{},"_coverageSchema":"43e27e138ebf9cfc5966b082cf9a028302ed4184","hash":"49acb19a0703e17fa5ac75986f803a09ad94ad1c"}
,"C:\\projets\\miniat-react\\miniatauto-react\\src\\components\\CarInfo\\CarInfo.tsx": {"path":"C:\\projets\\miniat-react\\miniatauto-react\\src\\components\\CarInfo\\CarInfo.tsx","statementMap":{"0":{"start":{"line":13,"column":8},"end":{"line":21,"column":9}}},"fnMap":{"0":{"name":"(anonymous_0)","decl":{"start":{"line":12,"column":4},"end":{"line":12,"column":5}},"loc":{"start":{"line":12,"column":13},"end":{"line":22,"column":5}},"line":12}},"branchMap":{},"s":{"0":1},"f":{"0":1},"b":{},"_coverageSchema":"43e27e138ebf9cfc5966b082cf9a028302ed4184","hash":"5d7e10b222252d0586b1a881b6a01140bbd4b6b1"}
,"C:\\projets\\miniat-react\\miniatauto-react\\src\\components\\Dashboard\\Dashboard.js": {"path":"C:\\projets\\miniat-react\\miniatauto-react\\src\\components\\Dashboard\\Dashboard.js","statementMap":{"0":{"start":{"line":14,"column":8},"end":{"line":20,"column":9}},"1":{"start":{"line":15,"column":12},"end":{"line":19,"column":13}},"2":{"start":{"line":24,"column":8},"end":{"line":30,"column":9}},"3":{"start":{"line":25,"column":12},"end":{"line":29,"column":13}},"4":{"start":{"line":34,"column":8},"end":{"line":40,"column":9}},"5":{"start":{"line":35,"column":12},"end":{"line":39,"column":13}},"6":{"start":{"line":43,"column":16},"end":{"line":45,"column":5}},"7":{"start":{"line":44,"column":8},"end":{"line":44,"column":33}},"8":{"start":{"line":48,"column":8},"end":{"line":72,"column":9}},"9":{"start":{"line":67,"column":43},"end":{"line":67,"column":77}},"10":{"start":{"line":76,"column":27},"end":{"line":80,"column":1}},"11":{"start":{"line":77,"column":4},"end":{"line":79,"column":5}},"12":{"start":{"line":78,"column":29},"end":{"line":78,"column":68}}},"fnMap":{"0":{"name":"(anonymous_0)","decl":{"start":{"line":13,"column":4},"end":{"line":13,"column":5}},"loc":{"start":{"line":13,"column":13},"end":{"line":21,"column":5}},"line":13},"1":{"name":"(anonymous_1)","decl":{"start":{"line":23,"column":4},"end":{"line":23,"column":5}},"loc":{"start":{"line":23,"column":11},"end":{"line":31,"column":5}},"line":23},"2":{"name":"(anonymous_2)","decl":{"start":{"line":33,"column":4},"end":{"line":33,"column":5}},"loc":{"start":{"line":33,"column":11},"end":{"line":41,"column":5}},"line":33},"3":{"name":"(anonymous_3)","decl":{"start":{"line":43,"column":16},"end":{"line":43,"column":17}},"loc":{"start":{"line":43,"column":24},"end":{"line":45,"column":5}},"line":43},"4":{"name":"(anonymous_4)","decl":{"start":{"line":47,"column":4},"end":{"line":47,"column":5}},"loc":{"start":{"line":47,"column":13},"end":{"line":73,"column":5}},"line":47},"5":{"name":"(anonymous_5)","decl":{"start":{"line":67,"column":37},"end":{"line":67,"column":38}},"loc":{"start":{"line":67,"column":43},"end":{"line":67,"column":77}},"line":67},"6":{"name":"(anonymous_6)","decl":{"start":{"line":76,"column":27},"end":{"line":76,"column":28}},"loc":{"start":{"line":76,"column":41},"end":{"line":80,"column":1}},"line":76},"7":{"name":"(anonymous_7)","decl":{"start":{"line":78,"column":19},"end":{"line":78,"column":20}},"loc":{"start":{"line":78,"column":27},"end":{"line":78,"column":70}},"line":78}},"branchMap":{"0":{"loc":{"start":{"line":14,"column":8},"end":{"line":20,"column":9}},"type":"if","locations":[{"start":{"line":14,"column":8},"end":{"line":20,"column":9}},{"start":{"line":14,"column":8},"end":{"line":20,"column":9}}],"line":14},"1":{"loc":{"start":{"line":14,"column":12},"end":{"line":14,"column":66}},"type":"binary-expr","locations":[{"start":{"line":14,"column":12},"end":{"line":14,"column":37}},{"start":{"line":14,"column":41},"end":{"line":14,"column":66}}],"line":14},"2":{"loc":{"start":{"line":24,"column":8},"end":{"line":30,"column":9}},"type":"if","locations":[{"start":{"line":24,"column":8},"end":{"line":30,"column":9}},{"start":{"line":24,"column":8},"end":{"line":30,"column":9}}],"line":24},"3":{"loc":{"start":{"line":24,"column":12},"end":{"line":24,"column":91}},"type":"binary-expr","locations":[{"start":{"line":24,"column":12},"end":{"line":24,"column":38}},{"start":{"line":24,"column":42},"end":{"line":24,"column":67}},{"start":{"line":24,"column":71},"end":{"line":24,"column":91}}],"line":24},"4":{"loc":{"start":{"line":34,"column":8},"end":{"line":40,"column":9}},"type":"if","locations":[{"start":{"line":34,"column":8},"end":{"line":40,"column":9}},{"start":{"line":34,"column":8},"end":{"line":40,"column":9}}],"line":34}},"s":{"0":0,"1":0,"2":0,"3":0,"4":0,"5":0,"6":0,"7":0,"8":0,"9":0,"10":1,"11":0,"12":0},"f":{"0":0,"1":0,"2":0,"3":0,"4":0,"5":0,"6":0,"7":0},"b":{"0":[0,0],"1":[0,0],"2":[0,0],"3":[0,0,0],"4":[0,0]},"_coverageSchema":"43e27e138ebf9cfc5966b082cf9a028302ed4184","hash":"bb095ef2a1fcd555773d62888fe69e71a7619073"}
,"C:\\projets\\miniat-react\\miniatauto-react\\src\\components\\Dashboard\\Notifications.js": {"path":"C:\\projets\\miniat-react\\miniatauto-react\\src\\components\\Dashboard\\Notifications.js","statementMap":{"0":{"start":{"line":7,"column":8},"end":{"line":11,"column":9}}},"fnMap":{"0":{"name":"(anonymous_0)","decl":{"start":{"line":6,"column":4},"end":{"line":6,"column":5}},"loc":{"start":{"line":6,"column":13},"end":{"line":12,"column":5}},"line":6}},"branchMap":{},"s":{"0":0},"f":{"0":0},"b":{},"_coverageSchema":"43e27e138ebf9cfc5966b082cf9a028302ed4184","hash":"6dde65d888efb3ed5baaab11299bae7fdcb154f7"}
,"C:\\projets\\miniat-react\\miniatauto-react\\src\\components\\Footer\\Footer.js": {"path":"C:\\projets\\miniat-react\\miniatauto-react\\src\\components\\Footer\\Footer.js","statementMap":{"0":{"start":{"line":5,"column":15},"end":{"line":11,"column":1}},"1":{"start":{"line":6,"column":4},"end":{"line":10,"column":5}}},"fnMap":{"0":{"name":"(anonymous_0)","decl":{"start":{"line":5,"column":15},"end":{"line":5,"column":16}},"loc":{"start":{"line":5,"column":21},"end":{"line":11,"column":1}},"line":5}},"branchMap":{},"s":{"0":1,"1":0},"f":{"0":0},"b":{},"_coverageSchema":"43e27e138ebf9cfc5966b082cf9a028302ed4184","hash":"0a2185dd8dbe1321619175b569d72db735d131c4"}
,"C:\\projets\\miniat-react\\miniatauto-react\\src\\components\\Grid\\Grid.js": {"path":"C:\\projets\\miniat-react\\miniatauto-react\\src\\components\\Grid\\Grid.js","statementMap":{"0":{"start":{"line":8,"column":34},"end":{"line":10,"column":9}},"1":{"start":{"line":12,"column":32},"end":{"line":14,"column":9}},"2":{"start":{"line":16,"column":8},"end":{"line":27,"column":9}},"3":{"start":{"line":17,"column":12},"end":{"line":26,"column":13}},"4":{"start":{"line":29,"column":8},"end":{"line":46,"column":9}}},"fnMap":{"0":{"name":"(anonymous_0)","decl":{"start":{"line":7,"column":4},"end":{"line":7,"column":5}},"loc":{"start":{"line":7,"column":13},"end":{"line":47,"column":5}},"line":7}},"branchMap":{"0":{"loc":{"start":{"line":16,"column":8},"end":{"line":27,"column":9}},"type":"if","locations":[{"start":{"line":16,"column":8},"end":{"line":27,"column":9}},{"start":{"line":16,"column":8},"end":{"line":27,"column":9}}],"line":16},"1":{"loc":{"start":{"line":30,"column":71},"end":{"line":30,"column":134}},"type":"cond-expr","locations":[{"start":{"line":30,"column":99},"end":{"line":30,"column":114}},{"start":{"line":30,"column":117},"end":{"line":30,"column":134}}],"line":30}},"s":{"0":2,"1":2,"2":2,"3":1,"4":1},"f":{"0":2},"b":{"0":[1,1],"1":[0,1]},"_coverageSchema":"43e27e138ebf9cfc5966b082cf9a028302ed4184","hash":"867e699b7b4601abd5a3ab12e07283cdb6f0f253"}
,"C:\\projets\\miniat-react\\miniatauto-react\\src\\components\\Header\\Header.tsx": {"path":"C:\\projets\\miniat-react\\miniatauto-react\\src\\components\\Header\\Header.tsx","statementMap":{"0":{"start":{"line":15,"column":8},"end":{"line":15,"column":46}},"1":{"start":{"line":19,"column":8},"end":{"line":19,"column":44}},"2":{"start":{"line":23,"column":8},"end":{"line":55,"column":9}}},"fnMap":{"0":{"name":"(anonymous_0)","decl":{"start":{"line":14,"column":4},"end":{"line":14,"column":5}},"loc":{"start":{"line":14,"column":18},"end":{"line":16,"column":5}},"line":14},"1":{"name":"(anonymous_1)","decl":{"start":{"line":18,"column":4},"end":{"line":18,"column":5}},"loc":{"start":{"line":18,"column":20},"end":{"line":20,"column":5}},"line":18},"2":{"name":"(anonymous_2)","decl":{"start":{"line":22,"column":4},"end":{"line":22,"column":5}},"loc":{"start":{"line":22,"column":13},"end":{"line":56,"column":5}},"line":22}},"branchMap":{},"s":{"0":0,"1":0,"2":0},"f":{"0":0,"1":0,"2":0},"b":{},"_coverageSchema":"43e27e138ebf9cfc5966b082cf9a028302ed4184","hash":"a8e122334f9482e708b7509fda5cf9fdd62e91db"}
,"C:\\projets\\miniat-react\\miniatauto-react\\src\\components\\Header\\SignInLinks.js": {"path":"C:\\projets\\miniat-react\\miniatauto-react\\src\\components\\Header\\SignInLinks.js","statementMap":{"0":{"start":{"line":8,"column":8},"end":{"line":14,"column":9}}},"fnMap":{"0":{"name":"(anonymous_0)","decl":{"start":{"line":7,"column":4},"end":{"line":7,"column":5}},"loc":{"start":{"line":7,"column":13},"end":{"line":15,"column":5}},"line":7}},"branchMap":{},"s":{"0":0},"f":{"0":0},"b":{},"hash":"78934211b5a6f4430786ca024dafd8cae210eb27"}
,"C:\\projets\\miniat-react\\miniatauto-react\\src\\components\\Header\\SignOutLinks.js": {"path":"C:\\projets\\miniat-react\\miniatauto-react\\src\\components\\Header\\SignOutLinks.js","statementMap":{"0":{"start":{"line":8,"column":8},"end":{"line":13,"column":9}}},"fnMap":{"0":{"name":"(anonymous_0)","decl":{"start":{"line":7,"column":4},"end":{"line":7,"column":5}},"loc":{"start":{"line":7,"column":13},"end":{"line":14,"column":5}},"line":7}},"branchMap":{},"s":{"0":0},"f":{"0":0},"b":{},"hash":"e2a4da3a2c952fc8601917eccdc7df95d9a2665a"}
,"C:\\projets\\miniat-react\\miniatauto-react\\src\\components\\List\\List.js": {"path":"C:\\projets\\miniat-react\\miniatauto-react\\src\\components\\List\\List.js","statementMap":{"0":{"start":{"line":23,"column":34},"end":{"line":26,"column":9}},"1":{"start":{"line":28,"column":32},"end":{"line":30,"column":9}},"2":{"start":{"line":32,"column":8},"end":{"line":43,"column":9}},"3":{"start":{"line":33,"column":12},"end":{"line":42,"column":13}},"4":{"start":{"line":45,"column":8},"end":{"line":63,"column":9}},"5":{"start":{"line":53,"column":62},"end":{"line":53,"column":103}}},"fnMap":{"0":{"name":"(anonymous_0)","decl":{"start":{"line":22,"column":4},"end":{"line":22,"column":5}},"loc":{"start":{"line":22,"column":13},"end":{"line":64,"column":5}},"line":22},"1":{"name":"(anonymous_1)","decl":{"start":{"line":53,"column":56},"end":{"line":53,"column":57}},"loc":{"start":{"line":53,"column":62},"end":{"line":53,"column":103}},"line":53}},"branchMap":{"0":{"loc":{"start":{"line":32,"column":8},"end":{"line":43,"column":9}},"type":"if","locations":[{"start":{"line":32,"column":8},"end":{"line":43,"column":9}},{"start":{"line":32,"column":8},"end":{"line":43,"column":9}}],"line":32},"1":{"loc":{"start":{"line":47,"column":60},"end":{"line":47,"column":123}},"type":"cond-expr","locations":[{"start":{"line":47,"column":88},"end":{"line":47,"column":103}},{"start":{"line":47,"column":106},"end":{"line":47,"column":123}}],"line":47},"2":{"loc":{"start":{"line":51,"column":43},"end":{"line":51,"column":74}},"type":"binary-expr","locations":[{"start":{"line":51,"column":43},"end":{"line":51,"column":64}},{"start":{"line":51,"column":68},"end":{"line":51,"column":74}}],"line":51}},"s":{"0":2,"1":2,"2":2,"3":1,"4":1,"5":0},"f":{"0":2,"1":0},"b":{"0":[1,1],"1":[0,1],"2":[1,0]},"_coverageSchema":"43e27e138ebf9cfc5966b082cf9a028302ed4184","hash":"ef773d582c671103b8c0067da173581d67951683"}
,"C:\\projets\\miniat-react\\miniatauto-react\\src\\components\\PanelNav\\PanelNav.js": {"path":"C:\\projets\\miniat-react\\miniatauto-react\\src\\components\\PanelNav\\PanelNav.js","statementMap":{"0":{"start":{"line":9,"column":8},"end":{"line":9,"column":15}},"1":{"start":{"line":10,"column":8},"end":{"line":14,"column":9}},"2":{"start":{"line":15,"column":8},"end":{"line":15,"column":59}},"3":{"start":{"line":19,"column":8},"end":{"line":23,"column":11}},"4":{"start":{"line":20,"column":12},"end":{"line":22,"column":14}},"5":{"start":{"line":26,"column":8},"end":{"line":34,"column":31}},"6":{"start":{"line":27,"column":25},"end":{"line":27,"column":35}},"7":{"start":{"line":29,"column":16},"end":{"line":31,"column":18}},"8":{"start":{"line":38,"column":8},"end":{"line":46,"column":9}},"9":{"start":{"line":39,"column":12},"end":{"line":41,"column":14}},"10":{"start":{"line":43,"column":12},"end":{"line":45,"column":14}},"11":{"start":{"line":51,"column":8},"end":{"line":77,"column":9}},"12":{"start":{"line":54,"column":35},"end":{"line":54,"column":60}},"13":{"start":{"line":56,"column":35},"end":{"line":56,"column":60}},"14":{"start":{"line":64,"column":24},"end":{"line":73,"column":29}},"15":{"start":{"line":65,"column":108},"end":{"line":65,"column":133}}},"fnMap":{"0":{"name":"(anonymous_0)","decl":{"start":{"line":8,"column":4},"end":{"line":8,"column":5}},"loc":{"start":{"line":8,"column":18},"end":{"line":16,"column":5}},"line":8},"1":{"name":"(anonymous_1)","decl":{"start":{"line":18,"column":4},"end":{"line":18,"column":5}},"loc":{"start":{"line":18,"column":24},"end":{"line":35,"column":5}},"line":18},"2":{"name":"(anonymous_2)","decl":{"start":{"line":19,"column":42},"end":{"line":19,"column":43}},"loc":{"start":{"line":19,"column":48},"end":{"line":23,"column":9}},"line":19},"3":{"name":"(anonymous_3)","decl":{"start":{"line":27,"column":18},"end":{"line":27,"column":19}},"loc":{"start":{"line":27,"column":25},"end":{"line":27,"column":35}},"line":27},"4":{"name":"(anonymous_4)","decl":{"start":{"line":28,"column":18},"end":{"line":28,"column":19}},"loc":{"start":{"line":28,"column":28},"end":{"line":33,"column":13}},"line":28},"5":{"name":"(anonymous_5)","decl":{"start":{"line":37,"column":4},"end":{"line":37,"column":5}},"loc":{"start":{"line":37,"column":25},"end":{"line":47,"column":5}},"line":37},"6":{"name":"(anonymous_6)","decl":{"start":{"line":50,"column":4},"end":{"line":50,"column":5}},"loc":{"start":{"line":50,"column":13},"end":{"line":78,"column":5}},"line":50},"7":{"name":"(anonymous_7)","decl":{"start":{"line":54,"column":29},"end":{"line":54,"column":30}},"loc":{"start":{"line":54,"column":35},"end":{"line":54,"column":60}},"line":54},"8":{"name":"(anonymous_8)","decl":{"start":{"line":56,"column":29},"end":{"line":56,"column":30}},"loc":{"start":{"line":56,"column":35},"end":{"line":56,"column":60}},"line":56},"9":{"name":"(anonymous_9)","decl":{"start":{"line":63,"column":58},"end":{"line":63,"column":59}},"loc":{"start":{"line":64,"column":24},"end":{"line":73,"column":29}},"line":64},"10":{"name":"(anonymous_10)","decl":{"start":{"line":65,"column":102},"end":{"line":65,"column":103}},"loc":{"start":{"line":65,"column":108},"end":{"line":65,"column":133}},"line":65}},"branchMap":{"0":{"loc":{"start":{"line":38,"column":8},"end":{"line":46,"column":9}},"type":"if","locations":[{"start":{"line":38,"column":8},"end":{"line":46,"column":9}},{"start":{"line":38,"column":8},"end":{"line":46,"column":9}}],"line":38},"1":{"loc":{"start":{"line":52,"column":28},"end":{"line":52,"column":80}},"type":"cond-expr","locations":[{"start":{"line":52,"column":48},"end":{"line":52,"column":67}},{"start":{"line":52,"column":70},"end":{"line":52,"column":80}}],"line":52},"2":{"loc":{"start":{"line":53,"column":32},"end":{"line":53,"column":82}},"type":"cond-expr","locations":[{"start":{"line":53,"column":52},"end":{"line":53,"column":70}},{"start":{"line":53,"column":73},"end":{"line":53,"column":82}}],"line":53}},"s":{"0":2,"1":2,"2":2,"3":2,"4":0,"5":2,"6":0,"7":0,"8":2,"9":0,"10":2,"11":4,"12":1,"13":1,"14":0,"15":0},"f":{"0":2,"1":2,"2":0,"3":0,"4":0,"5":2,"6":4,"7":1,"8":1,"9":0,"10":0},"b":{"0":[0,2],"1":[0,4],"2":[0,4]},"_coverageSchema":"43e27e138ebf9cfc5966b082cf9a028302ed4184","hash":"2b80ba37c97ae1e5b2239e8ef1923266f02d3510"}
,"C:\\projets\\miniat-react\\miniatauto-react\\src\\components\\Projects\\CreateProject.js": {"path":"C:\\projets\\miniat-react\\miniatauto-react\\src\\components\\Projects\\CreateProject.js","statementMap":{"0":{"start":{"line":10,"column":12},"end":{"line":13,"column":5}},"1":{"start":{"line":15,"column":19},"end":{"line":19,"column":5}},"2":{"start":{"line":16,"column":8},"end":{"line":18,"column":10}},"3":{"start":{"line":21,"column":19},"end":{"line":24,"column":5}},"4":{"start":{"line":22,"column":8},"end":{"line":22,"column":27}},"5":{"start":{"line":23,"column":8},"end":{"line":23,"column":45}},"6":{"start":{"line":27,"column":8},"end":{"line":57,"column":9}},"7":{"start":{"line":61,"column":27},"end":{"line":65,"column":1}},"8":{"start":{"line":62,"column":4},"end":{"line":64,"column":5}},"9":{"start":{"line":63,"column":36},"end":{"line":63,"column":68}}},"fnMap":{"0":{"name":"(anonymous_0)","decl":{"start":{"line":15,"column":19},"end":{"line":15,"column":20}},"loc":{"start":{"line":15,"column":26},"end":{"line":19,"column":5}},"line":15},"1":{"name":"(anonymous_1)","decl":{"start":{"line":21,"column":19},"end":{"line":21,"column":20}},"loc":{"start":{"line":21,"column":26},"end":{"line":24,"column":5}},"line":21},"2":{"name":"(anonymous_2)","decl":{"start":{"line":26,"column":4},"end":{"line":26,"column":5}},"loc":{"start":{"line":26,"column":13},"end":{"line":58,"column":5}},"line":26},"3":{"name":"(anonymous_3)","decl":{"start":{"line":61,"column":27},"end":{"line":61,"column":28}},"loc":{"start":{"line":61,"column":41},"end":{"line":65,"column":1}},"line":61},"4":{"name":"(anonymous_4)","decl":{"start":{"line":63,"column":23},"end":{"line":63,"column":24}},"loc":{"start":{"line":63,"column":36},"end":{"line":63,"column":68}},"line":63}},"branchMap":{},"s":{"0":0,"1":0,"2":0,"3":0,"4":0,"5":0,"6":0,"7":1,"8":0,"9":0},"f":{"0":0,"1":0,"2":0,"3":0,"4":0},"b":{},"_coverageSchema":"43e27e138ebf9cfc5966b082cf9a028302ed4184","hash":"fbce36692e6877a8ba78fca373ac2111319cc5dc"}
,"C:\\projets\\miniat-react\\miniatauto-react\\src\\components\\Projects\\ProjectDetails.js": {"path":"C:\\projets\\miniat-react\\miniatauto-react\\src\\components\\Projects\\ProjectDetails.js","statementMap":{"0":{"start":{"line":7,"column":19},"end":{"line":7,"column":45}},"1":{"start":{"line":8,"column":8},"end":{"line":8,"column":25}},"2":{"start":{"line":10,"column":8},"end":{"line":31,"column":9}}},"fnMap":{"0":{"name":"(anonymous_0)","decl":{"start":{"line":6,"column":4},"end":{"line":6,"column":5}},"loc":{"start":{"line":6,"column":13},"end":{"line":32,"column":5}},"line":6}},"branchMap":{},"s":{"0":0,"1":0,"2":0},"f":{"0":0},"b":{},"_coverageSchema":"43e27e138ebf9cfc5966b082cf9a028302ed4184","hash":"6cd4435e37df2bc5e68e3e4a991d412707450383"}
,"C:\\projets\\miniat-react\\miniatauto-react\\src\\components\\Projects\\ProjectList.js": {"path":"C:\\projets\\miniat-react\\miniatauto-react\\src\\components\\Projects\\ProjectList.js","statementMap":{"0":{"start":{"line":4,"column":20},"end":{"line":14,"column":1}},"1":{"start":{"line":5,"column":4},"end":{"line":13,"column":5}},"2":{"start":{"line":8,"column":16},"end":{"line":10,"column":17}}},"fnMap":{"0":{"name":"(anonymous_0)","decl":{"start":{"line":4,"column":20},"end":{"line":4,"column":21}},"loc":{"start":{"line":4,"column":38},"end":{"line":14,"column":1}},"line":4},"1":{"name":"(anonymous_1)","decl":{"start":{"line":7,"column":38},"end":{"line":7,"column":39}},"loc":{"start":{"line":7,"column":49},"end":{"line":11,"column":13}},"line":7}},"branchMap":{"0":{"loc":{"start":{"line":7,"column":13},"end":{"line":11,"column":14}},"type":"binary-expr","locations":[{"start":{"line":7,"column":13},"end":{"line":7,"column":21}},{"start":{"line":7,"column":25},"end":{"line":11,"column":14}}],"line":7}},"s":{"0":1,"1":0,"2":0},"f":{"0":0,"1":0},"b":{"0":[0,0]},"_coverageSchema":"43e27e138ebf9cfc5966b082cf9a028302ed4184","hash":"515ac14a4355b08522ef7497bcc9e77aa65d81fe"}
,"C:\\projets\\miniat-react\\miniatauto-react\\src\\components\\Projects\\ProjectSummary.js": {"path":"C:\\projets\\miniat-react\\miniatauto-react\\src\\components\\Projects\\ProjectSummary.js","statementMap":{"0":{"start":{"line":3,"column":23},"end":{"line":15,"column":1}},"1":{"start":{"line":5,"column":4},"end":{"line":14,"column":5}}},"fnMap":{"0":{"name":"(anonymous_0)","decl":{"start":{"line":3,"column":23},"end":{"line":3,"column":24}},"loc":{"start":{"line":3,"column":40},"end":{"line":15,"column":1}},"line":3}},"branchMap":{},"s":{"0":1,"1":0},"f":{"0":0},"b":{},"_coverageSchema":"43e27e138ebf9cfc5966b082cf9a028302ed4184","hash":"035013fd3c3b25afe6db3f6b777cc97795d347ea"}
,"C:\\projets\\miniat-react\\miniatauto-react\\src\\components\\Slider\\LeftNavigation.js": {"path":"C:\\projets\\miniat-react\\miniatauto-react\\src\\components\\Slider\\LeftNavigation.js","statementMap":{"0":{"start":{"line":6,"column":18},"end":{"line":12,"column":1}},"1":{"start":{"line":7,"column":2},"end":{"line":11,"column":4}}},"fnMap":{"0":{"name":"(anonymous_0)","decl":{"start":{"line":6,"column":18},"end":{"line":6,"column":19}},"loc":{"start":{"line":6,"column":29},"end":{"line":12,"column":1}},"line":6}},"branchMap":{},"s":{"0":1,"1":0},"f":{"0":0},"b":{},"_coverageSchema":"43e27e138ebf9cfc5966b082cf9a028302ed4184","hash":"74953b86f51ae5d9678ed6caa4ea14a5fc6751e7"}
,"C:\\projets\\miniat-react\\miniatauto-react\\src\\components\\Slider\\Pagination.js": {"path":"C:\\projets\\miniat-react\\miniatauto-react\\src\\components\\Slider\\Pagination.js","statementMap":{"0":{"start":{"line":3,"column":19},"end":{"line":17,"column":1}},"1":{"start":{"line":5,"column":2},"end":{"line":16,"column":4}},"2":{"start":{"line":10,"column":10},"end":{"line":12,"column":22}},"3":{"start":{"line":10,"column":111},"end":{"line":10,"column":120}}},"fnMap":{"0":{"name":"(anonymous_0)","decl":{"start":{"line":3,"column":19},"end":{"line":3,"column":20}},"loc":{"start":{"line":3,"column":49},"end":{"line":17,"column":1}},"line":3},"1":{"name":"(anonymous_1)","decl":{"start":{"line":9,"column":17},"end":{"line":9,"column":18}},"loc":{"start":{"line":9,"column":30},"end":{"line":13,"column":9}},"line":9},"2":{"name":"(anonymous_2)","decl":{"start":{"line":10,"column":105},"end":{"line":10,"column":106}},"loc":{"start":{"line":10,"column":111},"end":{"line":10,"column":120}},"line":10}},"branchMap":{"0":{"loc":{"start":{"line":10,"column":33},"end":{"line":10,"column":94}},"type":"cond-expr","locations":[{"start":{"line":10,"column":48},"end":{"line":10,"column":74}},{"start":{"line":10,"column":76},"end":{"line":10,"column":94}}],"line":10}},"s":{"0":1,"1":0,"2":0,"3":0},"f":{"0":0,"1":0,"2":0},"b":{"0":[0,0]},"_coverageSchema":"43e27e138ebf9cfc5966b082cf9a028302ed4184","hash":"b2f21cec5c874008ce00dbaf8428470037ae1645"}
,"C:\\projets\\miniat-react\\miniatauto-react\\src\\components\\Slider\\RightNavigation.js": {"path":"C:\\projets\\miniat-react\\miniatauto-react\\src\\components\\Slider\\RightNavigation.js","statementMap":{"0":{"start":{"line":6,"column":19},"end":{"line":12,"column":1}},"1":{"start":{"line":7,"column":2},"end":{"line":11,"column":4}}},"fnMap":{"0":{"name":"(anonymous_0)","decl":{"start":{"line":6,"column":19},"end":{"line":6,"column":20}},"loc":{"start":{"line":6,"column":30},"end":{"line":12,"column":1}},"line":6}},"branchMap":{},"s":{"0":1,"1":0},"f":{"0":0},"b":{},"_coverageSchema":"43e27e138ebf9cfc5966b082cf9a028302ed4184","hash":"a6e2062c830525a581ad24d0aa92bfdc6f802ce6"}
,"C:\\projets\\miniat-react\\miniatauto-react\\src\\components\\Slider\\Slide.js": {"path":"C:\\projets\\miniat-react\\miniatauto-react\\src\\components\\Slider\\Slide.js","statementMap":{"0":{"start":{"line":3,"column":14},"end":{"line":16,"column":1}},"1":{"start":{"line":4,"column":17},"end":{"line":9,"column":3}},"2":{"start":{"line":11,"column":2},"end":{"line":15,"column":3}}},"fnMap":{"0":{"name":"(anonymous_0)","decl":{"start":{"line":3,"column":14},"end":{"line":3,"column":15}},"loc":{"start":{"line":3,"column":26},"end":{"line":16,"column":1}},"line":3}},"branchMap":{},"s":{"0":1,"1":0,"2":0},"f":{"0":0},"b":{},"_coverageSchema":"43e27e138ebf9cfc5966b082cf9a028302ed4184","hash":"476d423ea317bd3135be24d9718623a54da24288"}
,"C:\\projets\\miniat-react\\miniatauto-react\\src\\components\\Slider\\Slider.js": {"path":"C:\\projets\\miniat-react\\miniatauto-react\\src\\components\\Slider\\Slider.js","statementMap":{"0":{"start":{"line":14,"column":8},"end":{"line":14,"column":21}},"1":{"start":{"line":16,"column":8},"end":{"line":31,"column":9}},"2":{"start":{"line":34,"column":20},"end":{"line":45,"column":5}},"3":{"start":{"line":35,"column":8},"end":{"line":36,"column":19}},"4":{"start":{"line":36,"column":12},"end":{"line":36,"column":19}},"5":{"start":{"line":38,"column":16},"end":{"line":38,"column":145}},"6":{"start":{"line":39,"column":20},"end":{"line":39,"column":43}},"7":{"start":{"line":41,"column":8},"end":{"line":44,"column":12}},"8":{"start":{"line":41,"column":36},"end":{"line":44,"column":9}},"9":{"start":{"line":47,"column":20},"end":{"line":64,"column":5}},"10":{"start":{"line":48,"column":8},"end":{"line":53,"column":9}},"11":{"start":{"line":49,"column":12},"end":{"line":52,"column":14}},"12":{"start":{"line":56,"column":20},"end":{"line":56,"column":47}},"13":{"start":{"line":57,"column":16},"end":{"line":57,"column":145}},"14":{"start":{"line":59,"column":8},"end":{"line":63,"column":12}},"15":{"start":{"line":59,"column":36},"end":{"line":63,"column":9}},"16":{"start":{"line":66,"column":16},"end":{"line":73,"column":5}},"17":{"start":{"line":67,"column":16},"end":{"line":67,"column":145}},"18":{"start":{"line":69,"column":8},"end":{"line":72,"column":12}},"19":{"start":{"line":69,"column":36},"end":{"line":72,"column":9}},"20":{"start":{"line":75,"column":17},"end":{"line":82,"column":5}},"21":{"start":{"line":76,"column":16},"end":{"line":76,"column":145}},"22":{"start":{"line":77,"column":20},"end":{"line":77,"column":43}},"23":{"start":{"line":78,"column":8},"end":{"line":80,"column":12}},"24":{"start":{"line":78,"column":36},"end":{"line":80,"column":9}},"25":{"start":{"line":81,"column":8},"end":{"line":81,"column":26}},"26":{"start":{"line":84,"column":13},"end":{"line":86,"column":5}},"27":{"start":{"line":85,"column":8},"end":{"line":85,"column":58}},"28":{"start":{"line":89,"column":8},"end":{"line":89,"column":59}},"29":{"start":{"line":90,"column":8},"end":{"line":90,"column":55}},"30":{"start":{"line":91,"column":8},"end":{"line":91,"column":22}},"31":{"start":{"line":95,"column":8},"end":{"line":95,"column":57}},"32":{"start":{"line":99,"column":23},"end":{"line":106,"column":9}},"33":{"start":{"line":108,"column":8},"end":{"line":135,"column":9}},"34":{"start":{"line":120,"column":32},"end":{"line":120,"column":61}}},"fnMap":{"0":{"name":"(anonymous_0)","decl":{"start":{"line":13,"column":4},"end":{"line":13,"column":5}},"loc":{"start":{"line":13,"column":23},"end":{"line":32,"column":5}},"line":13},"1":{"name":"(anonymous_1)","decl":{"start":{"line":34,"column":20},"end":{"line":34,"column":21}},"loc":{"start":{"line":34,"column":26},"end":{"line":45,"column":5}},"line":34},"2":{"name":"(anonymous_2)","decl":{"start":{"line":41,"column":22},"end":{"line":41,"column":23}},"loc":{"start":{"line":41,"column":36},"end":{"line":44,"column":9}},"line":41},"3":{"name":"(anonymous_3)","decl":{"start":{"line":47,"column":20},"end":{"line":47,"column":21}},"loc":{"start":{"line":47,"column":26},"end":{"line":64,"column":5}},"line":47},"4":{"name":"(anonymous_4)","decl":{"start":{"line":59,"column":22},"end":{"line":59,"column":23}},"loc":{"start":{"line":59,"column":36},"end":{"line":63,"column":9}},"line":59},"5":{"name":"(anonymous_5)","decl":{"start":{"line":66,"column":16},"end":{"line":66,"column":17}},"loc":{"start":{"line":66,"column":34},"end":{"line":73,"column":5}},"line":66},"6":{"name":"(anonymous_6)","decl":{"start":{"line":69,"column":22},"end":{"line":69,"column":23}},"loc":{"start":{"line":69,"column":36},"end":{"line":72,"column":9}},"line":69},"7":{"name":"(anonymous_7)","decl":{"start":{"line":75,"column":17},"end":{"line":75,"column":18}},"loc":{"start":{"line":75,"column":23},"end":{"line":82,"column":5}},"line":75},"8":{"name":"(anonymous_8)","decl":{"start":{"line":78,"column":22},"end":{"line":78,"column":23}},"loc":{"start":{"line":78,"column":36},"end":{"line":80,"column":9}},"line":78},"9":{"name":"(anonymous_9)","decl":{"start":{"line":84,"column":13},"end":{"line":84,"column":14}},"loc":{"start":{"line":84,"column":19},"end":{"line":86,"column":5}},"line":84},"10":{"name":"(anonymous_10)","decl":{"start":{"line":88,"column":4},"end":{"line":88,"column":5}},"loc":{"start":{"line":88,"column":24},"end":{"line":92,"column":5}},"line":88},"11":{"name":"(anonymous_11)","decl":{"start":{"line":94,"column":4},"end":{"line":94,"column":5}},"loc":{"start":{"line":94,"column":27},"end":{"line":96,"column":5}},"line":94},"12":{"name":"(anonymous_12)","decl":{"start":{"line":98,"column":4},"end":{"line":98,"column":5}},"loc":{"start":{"line":98,"column":13},"end":{"line":136,"column":5}},"line":98},"13":{"name":"(anonymous_13)","decl":{"start":{"line":119,"column":48},"end":{"line":119,"column":49}},"loc":{"start":{"line":120,"column":32},"end":{"line":120,"column":61}},"line":120}},"branchMap":{"0":{"loc":{"start":{"line":35,"column":8},"end":{"line":36,"column":19}},"type":"if","locations":[{"start":{"line":35,"column":8},"end":{"line":36,"column":19}},{"start":{"line":35,"column":8},"end":{"line":36,"column":19}}],"line":35},"1":{"loc":{"start":{"line":38,"column":16},"end":{"line":38,"column":145}},"type":"cond-expr","locations":[{"start":{"line":38,"column":36},"end":{"line":38,"column":80}},{"start":{"line":38,"column":83},"end":{"line":38,"column":145}}],"line":38},"2":{"loc":{"start":{"line":48,"column":8},"end":{"line":53,"column":9}},"type":"if","locations":[{"start":{"line":48,"column":8},"end":{"line":53,"column":9}},{"start":{"line":48,"column":8},"end":{"line":53,"column":9}}],"line":48},"3":{"loc":{"start":{"line":57,"column":16},"end":{"line":57,"column":145}},"type":"cond-expr","locations":[{"start":{"line":57,"column":36},"end":{"line":57,"column":80}},{"start":{"line":57,"column":83},"end":{"line":57,"column":145}}],"line":57},"4":{"loc":{"start":{"line":67,"column":16},"end":{"line":67,"column":145}},"type":"cond-expr","locations":[{"start":{"line":67,"column":36},"end":{"line":67,"column":80}},{"start":{"line":67,"column":83},"end":{"line":67,"column":145}}],"line":67},"5":{"loc":{"start":{"line":76,"column":16},"end":{"line":76,"column":145}},"type":"cond-expr","locations":[{"start":{"line":76,"column":36},"end":{"line":76,"column":80}},{"start":{"line":76,"column":83},"end":{"line":76,"column":145}}],"line":76},"6":{"loc":{"start":{"line":109,"column":29},"end":{"line":109,"column":127}},"type":"cond-expr","locations":[{"start":{"line":109,"column":49},"end":{"line":109,"column":90}},{"start":{"line":109,"column":93},"end":{"line":109,"column":127}}],"line":109}},"s":{"0":0,"1":0,"2":0,"3":0,"4":0,"5":0,"6":0,"7":0,"8":0,"9":0,"10":0,"11":0,"12":0,"13":0,"14":0,"15":0,"16":0,"17":0,"18":0,"19":0,"20":0,"21":0,"22":0,"23":0,"24":0,"25":0,"26":0,"27":0,"28":0,"29":0,"30":0,"31":0,"32":0,"33":0,"34":0},"f":{"0":0,"1":0,"2":0,"3":0,"4":0,"5":0,"6":0,"7":0,"8":0,"9":0,"10":0,"11":0,"12":0,"13":0},"b":{"0":[0,0],"1":[0,0],"2":[0,0],"3":[0,0],"4":[0,0],"5":[0,0],"6":[0,0]},"_coverageSchema":"43e27e138ebf9cfc5966b082cf9a028302ed4184","hash":"7cc59b7d0bb3b453d483de55b45709407ba2f531"}
,"C:\\projets\\miniat-react\\miniatauto-react\\src\\components\\Toaster\\Toaster.tsx": {"path":"C:\\projets\\miniat-react\\miniatauto-react\\src\\components\\Toaster\\Toaster.tsx","statementMap":{"0":{"start":{"line":26,"column":8},"end":{"line":26,"column":21}},"1":{"start":{"line":28,"column":8},"end":{"line":31,"column":9}},"2":{"start":{"line":42,"column":8},"end":{"line":44,"column":11}},"3":{"start":{"line":46,"column":8},"end":{"line":50,"column":29}},"4":{"start":{"line":47,"column":12},"end":{"line":49,"column":14}},"5":{"start":{"line":54,"column":8},"end":{"line":74,"column":9}},"6":{"start":{"line":69,"column":70},"end":{"line":69,"column":94}}},"fnMap":{"0":{"name":"(anonymous_0)","decl":{"start":{"line":25,"column":4},"end":{"line":25,"column":5}},"loc":{"start":{"line":25,"column":28},"end":{"line":39,"column":5}},"line":25},"1":{"name":"(anonymous_1)","decl":{"start":{"line":41,"column":4},"end":{"line":41,"column":5}},"loc":{"start":{"line":41,"column":33},"end":{"line":51,"column":5}},"line":41},"2":{"name":"(anonymous_2)","decl":{"start":{"line":46,"column":19},"end":{"line":46,"column":20}},"loc":{"start":{"line":46,"column":25},"end":{"line":50,"column":9}},"line":46},"3":{"name":"(anonymous_3)","decl":{"start":{"line":53,"column":4},"end":{"line":53,"column":5}},"loc":{"start":{"line":53,"column":13},"end":{"line":75,"column":5}},"line":53},"4":{"name":"(anonymous_4)","decl":{"start":{"line":69,"column":62},"end":{"line":69,"column":63}},"loc":{"start":{"line":69,"column":68},"end":{"line":69,"column":96}},"line":69}},"branchMap":{"0":{"loc":{"start":{"line":55,"column":28},"end":{"line":55,"column":76}},"type":"cond-expr","locations":[{"start":{"line":55,"column":53},"end":{"line":55,"column":66}},{"start":{"line":55,"column":69},"end":{"line":55,"column":76}}],"line":55}},"s":{"0":3,"1":3,"2":1,"3":1,"4":0,"5":5,"6":1},"f":{"0":3,"1":1,"2":0,"3":5,"4":1},"b":{"0":[1,4]},"_coverageSchema":"43e27e138ebf9cfc5966b082cf9a028302ed4184","hash":"51e12611d2fdf0190e5656a27ef319adb3e9d688"}
,"C:\\projets\\miniat-react\\miniatauto-react\\src\\config\\fireBaseConfig.js": {"path":"C:\\projets\\miniat-react\\miniatauto-react\\src\\config\\fireBaseConfig.js","statementMap":{"0":{"start":{"line":6,"column":21},"end":{"line":14,"column":1}},"1":{"start":{"line":16,"column":0},"end":{"line":16,"column":39}},"2":{"start":{"line":17,"column":0},"end":{"line":19,"column":3}}},"fnMap":{},"branchMap":{},"s":{"0":0,"1":0,"2":0},"f":{},"b":{},"hash":"537e6f26e9a59516cc98492557bb65f80d429fd4"}
,"C:\\projets\\miniat-react\\miniatauto-react\\src\\pages\\CarPage.js": {"path":"C:\\projets\\miniat-react\\miniatauto-react\\src\\pages\\CarPage.js","statementMap":{"0":{"start":{"line":30,"column":8},"end":{"line":30,"column":15}},"1":{"start":{"line":31,"column":8},"end":{"line":34,"column":9}},"2":{"start":{"line":39,"column":8},"end":{"line":43,"column":36}},"3":{"start":{"line":40,"column":12},"end":{"line":42,"column":14}},"4":{"start":{"line":46,"column":8},"end":{"line":54,"column":31}},"5":{"start":{"line":47,"column":25},"end":{"line":47,"column":35}},"6":{"start":{"line":49,"column":16},"end":{"line":51,"column":18}},"7":{"start":{"line":58,"column":31},"end":{"line":58,"column":123}},"8":{"start":{"line":58,"column":78},"end":{"line":58,"column":122}},"9":{"start":{"line":61,"column":36},"end":{"line":61,"column":72}},"10":{"start":{"line":61,"column":62},"end":{"line":61,"column":71}},"11":{"start":{"line":62,"column":32},"end":{"line":62,"column":116}},"12":{"start":{"line":62,"column":79},"end":{"line":62,"column":115}},"13":{"start":{"line":64,"column":8},"end":{"line":159,"column":9}},"14":{"start":{"line":72,"column":24},"end":{"line":150,"column":30}}},"fnMap":{"0":{"name":"(anonymous_0)","decl":{"start":{"line":29,"column":4},"end":{"line":29,"column":5}},"loc":{"start":{"line":29,"column":18},"end":{"line":35,"column":5}},"line":29},"1":{"name":"(anonymous_1)","decl":{"start":{"line":38,"column":4},"end":{"line":38,"column":5}},"loc":{"start":{"line":38,"column":24},"end":{"line":55,"column":5}},"line":38},"2":{"name":"(anonymous_2)","decl":{"start":{"line":39,"column":19},"end":{"line":39,"column":20}},"loc":{"start":{"line":39,"column":25},"end":{"line":43,"column":9}},"line":39},"3":{"name":"(anonymous_3)","decl":{"start":{"line":47,"column":18},"end":{"line":47,"column":19}},"loc":{"start":{"line":47,"column":25},"end":{"line":47,"column":35}},"line":47},"4":{"name":"(anonymous_4)","decl":{"start":{"line":48,"column":18},"end":{"line":48,"column":19}},"loc":{"start":{"line":48,"column":28},"end":{"line":53,"column":13}},"line":48},"5":{"name":"(anonymous_5)","decl":{"start":{"line":57,"column":4},"end":{"line":57,"column":5}},"loc":{"start":{"line":57,"column":13},"end":{"line":160,"column":5}},"line":57},"6":{"name":"(anonymous_6)","decl":{"start":{"line":58,"column":71},"end":{"line":58,"column":72}},"loc":{"start":{"line":58,"column":78},"end":{"line":58,"column":122}},"line":58},"7":{"name":"(anonymous_7)","decl":{"start":{"line":61,"column":55},"end":{"line":61,"column":56}},"loc":{"start":{"line":61,"column":62},"end":{"line":61,"column":71}},"line":61},"8":{"name":"(anonymous_8)","decl":{"start":{"line":62,"column":72},"end":{"line":62,"column":73}},"loc":{"start":{"line":62,"column":79},"end":{"line":62,"column":115}},"line":62},"9":{"name":"(anonymous_9)","decl":{"start":{"line":71,"column":40},"end":{"line":71,"column":41}},"loc":{"start":{"line":72,"column":24},"end":{"line":150,"column":30}},"line":72}},"branchMap":{},"s":{"0":0,"1":0,"2":0,"3":0,"4":0,"5":0,"6":0,"7":0,"8":0,"9":0,"10":0,"11":0,"12":0,"13":0,"14":0},"f":{"0":0,"1":0,"2":0,"3":0,"4":0,"5":0,"6":0,"7":0,"8":0,"9":0},"b":{},"_coverageSchema":"43e27e138ebf9cfc5966b082cf9a028302ed4184","hash":"61d8714cca9615e697169b9bbdcbc2119fe05e8e"}
,"C:\\projets\\miniat-react\\miniatauto-react\\src\\pages\\ErrorPage.jsx": {"path":"C:\\projets\\miniat-react\\miniatauto-react\\src\\pages\\ErrorPage.jsx","statementMap":{"0":{"start":{"line":3,"column":18},"end":{"line":7,"column":1}},"1":{"start":{"line":4,"column":4},"end":{"line":6,"column":6}}},"fnMap":{"0":{"name":"(anonymous_0)","decl":{"start":{"line":3,"column":18},"end":{"line":3,"column":19}},"loc":{"start":{"line":3,"column":24},"end":{"line":7,"column":1}},"line":3}},"branchMap":{},"s":{"0":1,"1":0},"f":{"0":0},"b":{},"_coverageSchema":"43e27e138ebf9cfc5966b082cf9a028302ed4184","hash":"1f454734c79b888dac7a0ea7f8f869216de3ff1b"}
,"C:\\projets\\miniat-react\\miniatauto-react\\src\\pages\\ListPage.js": {"path":"C:\\projets\\miniat-react\\miniatauto-react\\src\\pages\\ListPage.js","statementMap":{"0":{"start":{"line":35,"column":4},"end":{"line":35,"column":11}},"1":{"start":{"line":36,"column":4},"end":{"line":46,"column":5}},"2":{"start":{"line":47,"column":4},"end":{"line":47,"column":49}},"3":{"start":{"line":48,"column":4},"end":{"line":48,"column":53}},"4":{"start":{"line":49,"column":4},"end":{"line":49,"column":37}},"5":{"start":{"line":50,"column":4},"end":{"line":50,"column":53}},"6":{"start":{"line":51,"column":4},"end":{"line":51,"column":45}},"7":{"start":{"line":53,"column":4},"end":{"line":53,"column":44}},"8":{"start":{"line":57,"column":4},"end":{"line":78,"column":6}},"9":{"start":{"line":58,"column":27},"end":{"line":74,"column":8}},"10":{"start":{"line":59,"column":8},"end":{"line":72,"column":9}},"11":{"start":{"line":60,"column":10},"end":{"line":60,"column":39}},"12":{"start":{"line":63,"column":10},"end":{"line":63,"column":80}},"13":{"start":{"line":64,"column":10},"end":{"line":64,"column":46}},"14":{"start":{"line":65,"column":10},"end":{"line":65,"column":48}},"15":{"start":{"line":66,"column":10},"end":{"line":66,"column":57}},"16":{"start":{"line":68,"column":10},"end":{"line":71,"column":11}},"17":{"start":{"line":69,"column":12},"end":{"line":69,"column":26}},"18":{"start":{"line":70,"column":12},"end":{"line":70,"column":44}},"19":{"start":{"line":73,"column":8},"end":{"line":73,"column":19}},"20":{"start":{"line":75,"column":6},"end":{"line":77,"column":7}},"21":{"start":{"line":80,"column":4},"end":{"line":80,"column":49}},"22":{"start":{"line":84,"column":4},"end":{"line":86,"column":7}},"23":{"start":{"line":91,"column":17},"end":{"line":91,"column":49}},"24":{"start":{"line":92,"column":4},"end":{"line":98,"column":7}},"25":{"start":{"line":93,"column":6},"end":{"line":97,"column":7}},"26":{"start":{"line":94,"column":8},"end":{"line":94,"column":30}},"27":{"start":{"line":96,"column":8},"end":{"line":96,"column":30}},"28":{"start":{"line":99,"column":4},"end":{"line":101,"column":7}},"29":{"start":{"line":106,"column":24},"end":{"line":106,"column":62}},"30":{"start":{"line":107,"column":4},"end":{"line":126,"column":7}},"31":{"start":{"line":108,"column":6},"end":{"line":125,"column":7}},"32":{"start":{"line":110,"column":10},"end":{"line":110,"column":37}},"33":{"start":{"line":112,"column":10},"end":{"line":112,"column":37}},"34":{"start":{"line":114,"column":10},"end":{"line":114,"column":37}},"35":{"start":{"line":116,"column":10},"end":{"line":116,"column":36}},"36":{"start":{"line":118,"column":10},"end":{"line":118,"column":36}},"37":{"start":{"line":120,"column":10},"end":{"line":120,"column":39}},"38":{"start":{"line":122,"column":10},"end":{"line":122,"column":40}},"39":{"start":{"line":124,"column":10},"end":{"line":124,"column":37}},"40":{"start":{"line":127,"column":4},"end":{"line":129,"column":7}},"41":{"start":{"line":134,"column":20},"end":{"line":134,"column":58}},"42":{"start":{"line":135,"column":4},"end":{"line":137,"column":7}},"43":{"start":{"line":142,"column":25},"end":{"line":142,"column":78}},"44":{"start":{"line":142,"column":55},"end":{"line":142,"column":77}},"45":{"start":{"line":143,"column":31},"end":{"line":145,"column":9}},"46":{"start":{"line":144,"column":6},"end":{"line":144,"column":30}},"47":{"start":{"line":147,"column":4},"end":{"line":147,"column":53}},"48":{"start":{"line":152,"column":4},"end":{"line":156,"column":32}},"49":{"start":{"line":153,"column":6},"end":{"line":155,"column":8}},"50":{"start":{"line":159,"column":4},"end":{"line":168,"column":25}},"51":{"start":{"line":160,"column":19},"end":{"line":160,"column":29}},"52":{"start":{"line":162,"column":8},"end":{"line":165,"column":10}},"53":{"start":{"line":172,"column":22},"end":{"line":172,"column":38}},"54":{"start":{"line":175,"column":16},"end":{"line":175,"column":48}},"55":{"start":{"line":176,"column":17},"end":{"line":176,"column":61}},"56":{"start":{"line":178,"column":4},"end":{"line":186,"column":5}},"57":{"start":{"line":179,"column":6},"end":{"line":185,"column":9}},"58":{"start":{"line":180,"column":8},"end":{"line":184,"column":52}},"59":{"start":{"line":188,"column":22},"end":{"line":188,"column":34}},"60":{"start":{"line":191,"column":30},"end":{"line":195,"column":21}},"61":{"start":{"line":191,"column":48},"end":{"line":195,"column":20}},"62":{"start":{"line":197,"column":4},"end":{"line":248,"column":5}},"63":{"start":{"line":228,"column":58},"end":{"line":228,"column":74}},"64":{"start":{"line":229,"column":58},"end":{"line":229,"column":74}},"65":{"start":{"line":230,"column":58},"end":{"line":230,"column":81}},"66":{"start":{"line":231,"column":58},"end":{"line":231,"column":81}},"67":{"start":{"line":232,"column":58},"end":{"line":232,"column":81}},"68":{"start":{"line":233,"column":58},"end":{"line":233,"column":83}},"69":{"start":{"line":234,"column":58},"end":{"line":234,"column":83}},"70":{"start":{"line":235,"column":58},"end":{"line":235,"column":88}},"71":{"start":{"line":236,"column":58},"end":{"line":236,"column":92}},"72":{"start":{"line":252,"column":24},"end":{"line":258,"column":1}},"73":{"start":{"line":253,"column":2},"end":{"line":257,"column":3}},"74":{"start":{"line":260,"column":27},"end":{"line":266,"column":1}},"75":{"start":{"line":261,"column":2},"end":{"line":265,"column":3}},"76":{"start":{"line":262,"column":30},"end":{"line":262,"column":58}},"77":{"start":{"line":263,"column":36},"end":{"line":263,"column":93}},"78":{"start":{"line":264,"column":32},"end":{"line":264,"column":85}}},"fnMap":{"0":{"name":"(anonymous_0)","decl":{"start":{"line":34,"column":2},"end":{"line":34,"column":3}},"loc":{"start":{"line":34,"column":16},"end":{"line":54,"column":3}},"line":34},"1":{"name":"(anonymous_1)","decl":{"start":{"line":56,"column":2},"end":{"line":56,"column":3}},"loc":{"start":{"line":56,"column":17},"end":{"line":81,"column":3}},"line":56},"2":{"name":"(anonymous_2)","decl":{"start":{"line":57,"column":18},"end":{"line":57,"column":19}},"loc":{"start":{"line":57,"column":31},"end":{"line":78,"column":5}},"line":57},"3":{"name":"(anonymous_3)","decl":{"start":{"line":58,"column":63},"end":{"line":58,"column":64}},"loc":{"start":{"line":58,"column":71},"end":{"line":74,"column":7}},"line":58},"4":{"name":"(anonymous_4)","decl":{"start":{"line":83,"column":2},"end":{"line":83,"column":3}},"loc":{"start":{"line":83,"column":17},"end":{"line":87,"column":3}},"line":83},"5":{"name":"(anonymous_5)","decl":{"start":{"line":89,"column":2},"end":{"line":89,"column":3}},"loc":{"start":{"line":89,"column":13},"end":{"line":102,"column":3}},"line":89},"6":{"name":"(anonymous_6)","decl":{"start":{"line":92,"column":33},"end":{"line":92,"column":34}},"loc":{"start":{"line":92,"column":43},"end":{"line":98,"column":5}},"line":92},"7":{"name":"(anonymous_7)","decl":{"start":{"line":104,"column":2},"end":{"line":104,"column":3}},"loc":{"start":{"line":104,"column":24},"end":{"line":130,"column":3}},"line":104},"8":{"name":"(anonymous_8)","decl":{"start":{"line":107,"column":41},"end":{"line":107,"column":42}},"loc":{"start":{"line":107,"column":56},"end":{"line":126,"column":5}},"line":107},"9":{"name":"(anonymous_9)","decl":{"start":{"line":132,"column":2},"end":{"line":132,"column":3}},"loc":{"start":{"line":132,"column":13},"end":{"line":138,"column":3}},"line":132},"10":{"name":"(anonymous_10)","decl":{"start":{"line":141,"column":2},"end":{"line":141,"column":3}},"loc":{"start":{"line":141,"column":23},"end":{"line":148,"column":3}},"line":141},"11":{"name":"(anonymous_11)","decl":{"start":{"line":142,"column":48},"end":{"line":142,"column":49}},"loc":{"start":{"line":142,"column":55},"end":{"line":142,"column":77}},"line":142},"12":{"name":"(anonymous_12)","decl":{"start":{"line":143,"column":51},"end":{"line":143,"column":52}},"loc":{"start":{"line":143,"column":66},"end":{"line":145,"column":5}},"line":143},"13":{"name":"(anonymous_13)","decl":{"start":{"line":151,"column":2},"end":{"line":151,"column":3}},"loc":{"start":{"line":151,"column":22},"end":{"line":169,"column":3}},"line":151},"14":{"name":"(anonymous_14)","decl":{"start":{"line":152,"column":15},"end":{"line":152,"column":16}},"loc":{"start":{"line":152,"column":21},"end":{"line":156,"column":5}},"line":152},"15":{"name":"(anonymous_15)","decl":{"start":{"line":160,"column":12},"end":{"line":160,"column":13}},"loc":{"start":{"line":160,"column":19},"end":{"line":160,"column":29}},"line":160},"16":{"name":"(anonymous_16)","decl":{"start":{"line":161,"column":12},"end":{"line":161,"column":13}},"loc":{"start":{"line":161,"column":22},"end":{"line":167,"column":7}},"line":161},"17":{"name":"(anonymous_17)","decl":{"start":{"line":171,"column":2},"end":{"line":171,"column":3}},"loc":{"start":{"line":171,"column":11},"end":{"line":249,"column":3}},"line":171},"18":{"name":"(anonymous_18)","decl":{"start":{"line":179,"column":27},"end":{"line":179,"column":28}},"loc":{"start":{"line":179,"column":42},"end":{"line":185,"column":7}},"line":179},"19":{"name":"(anonymous_19)","decl":{"start":{"line":191,"column":40},"end":{"line":191,"column":41}},"loc":{"start":{"line":191,"column":48},"end":{"line":195,"column":20}},"line":191},"20":{"name":"(anonymous_20)","decl":{"start":{"line":228,"column":52},"end":{"line":228,"column":53}},"loc":{"start":{"line":228,"column":58},"end":{"line":228,"column":74}},"line":228},"21":{"name":"(anonymous_21)","decl":{"start":{"line":229,"column":52},"end":{"line":229,"column":53}},"loc":{"start":{"line":229,"column":58},"end":{"line":229,"column":74}},"line":229},"22":{"name":"(anonymous_22)","decl":{"start":{"line":230,"column":52},"end":{"line":230,"column":53}},"loc":{"start":{"line":230,"column":58},"end":{"line":230,"column":81}},"line":230},"23":{"name":"(anonymous_23)","decl":{"start":{"line":231,"column":52},"end":{"line":231,"column":53}},"loc":{"start":{"line":231,"column":58},"end":{"line":231,"column":81}},"line":231},"24":{"name":"(anonymous_24)","decl":{"start":{"line":232,"column":52},"end":{"line":232,"column":53}},"loc":{"start":{"line":232,"column":58},"end":{"line":232,"column":81}},"line":232},"25":{"name":"(anonymous_25)","decl":{"start":{"line":233,"column":52},"end":{"line":233,"column":53}},"loc":{"start":{"line":233,"column":58},"end":{"line":233,"column":83}},"line":233},"26":{"name":"(anonymous_26)","decl":{"start":{"line":234,"column":52},"end":{"line":234,"column":53}},"loc":{"start":{"line":234,"column":58},"end":{"line":234,"column":83}},"line":234},"27":{"name":"(anonymous_27)","decl":{"start":{"line":235,"column":52},"end":{"line":235,"column":53}},"loc":{"start":{"line":235,"column":58},"end":{"line":235,"column":88}},"line":235},"28":{"name":"(anonymous_28)","decl":{"start":{"line":236,"column":52},"end":{"line":236,"column":53}},"loc":{"start":{"line":236,"column":58},"end":{"line":236,"column":92}},"line":236},"29":{"name":"(anonymous_29)","decl":{"start":{"line":252,"column":24},"end":{"line":252,"column":25}},"loc":{"start":{"line":252,"column":35},"end":{"line":258,"column":1}},"line":252},"30":{"name":"(anonymous_30)","decl":{"start":{"line":260,"column":27},"end":{"line":260,"column":28}},"loc":{"start":{"line":260,"column":41},"end":{"line":266,"column":1}},"line":260},"31":{"name":"(anonymous_31)","decl":{"start":{"line":262,"column":17},"end":{"line":262,"column":18}},"loc":{"start":{"line":262,"column":28},"end":{"line":262,"column":60}},"line":262},"32":{"name":"(anonymous_32)","decl":{"start":{"line":263,"column":23},"end":{"line":263,"column":24}},"loc":{"start":{"line":263,"column":34},"end":{"line":263,"column":95}},"line":263},"33":{"name":"(anonymous_33)","decl":{"start":{"line":264,"column":22},"end":{"line":264,"column":23}},"loc":{"start":{"line":264,"column":30},"end":{"line":264,"column":87}},"line":264}},"branchMap":{"0":{"loc":{"start":{"line":59,"column":8},"end":{"line":72,"column":9}},"type":"if","locations":[{"start":{"line":59,"column":8},"end":{"line":72,"column":9}},{"start":{"line":59,"column":8},"end":{"line":72,"column":9}}],"line":59},"1":{"loc":{"start":{"line":68,"column":10},"end":{"line":71,"column":11}},"type":"if","locations":[{"start":{"line":68,"column":10},"end":{"line":71,"column":11}},{"start":{"line":68,"column":10},"end":{"line":71,"column":11}}],"line":68},"2":{"loc":{"start":{"line":68,"column":14},"end":{"line":68,"column":53}},"type":"binary-expr","locations":[{"start":{"line":68,"column":14},"end":{"line":68,"column":29}},{"start":{"line":68,"column":33},"end":{"line":68,"column":53}}],"line":68},"3":{"loc":{"start":{"line":93,"column":6},"end":{"line":97,"column":7}},"type":"if","locations":[{"start":{"line":93,"column":6},"end":{"line":97,"column":7}},{"start":{"line":93,"column":6},"end":{"line":97,"column":7}}],"line":93},"4":{"loc":{"start":{"line":108,"column":6},"end":{"line":125,"column":7}},"type":"switch","locations":[{"start":{"line":109,"column":8},"end":{"line":110,"column":37}},{"start":{"line":111,"column":8},"end":{"line":112,"column":37}},{"start":{"line":113,"column":8},"end":{"line":114,"column":37}},{"start":{"line":115,"column":8},"end":{"line":116,"column":36}},{"start":{"line":117,"column":8},"end":{"line":118,"column":36}},{"start":{"line":119,"column":8},"end":{"line":120,"column":39}},{"start":{"line":121,"column":8},"end":{"line":122,"column":40}},{"start":{"line":123,"column":8},"end":{"line":124,"column":37}}],"line":108},"5":{"loc":{"start":{"line":178,"column":4},"end":{"line":186,"column":5}},"type":"if","locations":[{"start":{"line":178,"column":4},"end":{"line":186,"column":5}},{"start":{"line":178,"column":4},"end":{"line":186,"column":5}}],"line":178},"6":{"loc":{"start":{"line":180,"column":15},"end":{"line":184,"column":51}},"type":"binary-expr","locations":[{"start":{"line":180,"column":15},"end":{"line":180,"column":52}},{"start":{"line":181,"column":10},"end":{"line":181,"column":47}},{"start":{"line":182,"column":10},"end":{"line":182,"column":49}},{"start":{"line":183,"column":10},"end":{"line":183,"column":46}},{"start":{"line":184,"column":10},"end":{"line":184,"column":51}}],"line":180}},"s":{"0":0,"1":0,"2":0,"3":0,"4":0,"5":0,"6":0,"7":0,"8":0,"9":0,"10":0,"11":0,"12":0,"13":0,"14":0,"15":0,"16":0,"17":0,"18":0,"19":0,"20":0,"21":0,"22":0,"23":0,"24":0,"25":0,"26":0,"27":0,"28":0,"29":0,"30":0,"31":0,"32":0,"33":0,"34":0,"35":0,"36":0,"37":0,"38":0,"39":0,"40":0,"41":0,"42":0,"43":0,"44":0,"45":0,"46":0,"47":0,"48":0,"49":0,"50":0,"51":0,"52":0,"53":0,"54":0,"55":0,"56":0,"57":0,"58":0,"59":0,"60":0,"61":0,"62":0,"63":0,"64":0,"65":0,"66":0,"67":0,"68":0,"69":0,"70":0,"71":0,"72":1,"73":0,"74":1,"75":0,"76":0,"77":0,"78":0},"f":{"0":0,"1":0,"2":0,"3":0,"4":0,"5":0,"6":0,"7":0,"8":0,"9":0,"10":0,"11":0,"12":0,"13":0,"14":0,"15":0,"16":0,"17":0,"18":0,"19":0,"20":0,"21":0,"22":0,"23":0,"24":0,"25":0,"26":0,"27":0,"28":0,"29":0,"30":0,"31":0,"32":0,"33":0},"b":{"0":[0,0],"1":[0,0],"2":[0,0],"3":[0,0],"4":[0,0,0,0,0,0,0,0],"5":[0,0],"6":[0,0,0,0,0]},"_coverageSchema":"43e27e138ebf9cfc5966b082cf9a028302ed4184","hash":"aa34567dd61cca3f90829968a9b40b0c940a13a9"}
[...]
:20},"end":{"line":55,"column":21}},{"start":{"line":52,"column":20},"end":{"line":55,"column":21}}],"line":52},"2":{"loc":{"start":{"line":52,"column":24},"end":{"line":52,"column":63}},"type":"binary-expr","locations":[{"start":{"line":52,"column":24},"end":{"line":52,"column":39}},{"start":{"line":52,"column":43},"end":{"line":52,"column":63}}],"line":52},"3":{"loc":{"start":{"line":103,"column":8},"end":{"line":107,"column":9}},"type":"if","locations":[{"start":{"line":103,"column":8},"end":{"line":107,"column":9}},{"start":{"line":103,"column":8},"end":{"line":107,"column":9}}],"line":103},"4":{"loc":{"start":{"line":109,"column":8},"end":{"line":109,"column":67}},"type":"if","locations":[{"start":{"line":109,"column":8},"end":{"line":109,"column":67}},{"start":{"line":109,"column":8},"end":{"line":109,"column":67}}],"line":109},"5":{"loc":{"start":{"line":110,"column":8},"end":{"line":110,"column":51}},"type":"if","locations":[{"start":{"line":110,"column":8},"end":{"line":110,"column":51}},{"start":{"line":110,"column":8},"end":{"line":110,"column":51}}],"line":110},"6":{"loc":{"start":{"line":140,"column":37},"end":{"line":143,"column":39}},"type":"binary-expr","locations":[{"start":{"line":140,"column":37},"end":{"line":140,"column":46}},{"start":{"line":141,"column":40},"end":{"line":143,"column":39}}],"line":140},"7":{"loc":{"start":{"line":145,"column":37},"end":{"line":148,"column":39}},"type":"binary-expr","locations":[{"start":{"line":145,"column":37},"end":{"line":145,"column":49}},{"start":{"line":146,"column":40},"end":{"line":148,"column":39}}],"line":145}},"s":{"0":0,"1":0,"2":0,"3":0,"4":0,"5":0,"6":0,"7":0,"8":0,"9":0,"10":0,"11":0,"12":0,"13":0,"14":0,"15":0,"16":0,"17":0,"18":0,"19":0,"20":0,"21":0,"22":0,"23":0,"24":0,"25":0,"26":0,"27":0,"28":0,"29":0},"f":{"0":0,"1":0,"2":0,"3":0,"4":0,"5":0,"6":0,"7":0,"8":0,"9":0,"10":0,"11":0},"b":{"0":[0,0],"1":[0,0],"2":[0,0],"3":[0,0],"4":[0,0],"5":[0,0],"6":[0,0],"7":[0,0]},"_coverageSchema":"43e27e138ebf9cfc5966b082cf9a028302ed4184","hash":"417899e39f9e3b7aa1f4c8292c8f64d977baeec1"}
,"C:\\projets\\miniat-react\\miniatauto-react\\src\\pages\\StatusPage.js": {"path":"C:\\projets\\miniat-react\\miniatauto-react\\src\\pages\\StatusPage.js","statementMap":{"0":{"start":{"line":40,"column":8},"end":{"line":40,"column":15}},"1":{"start":{"line":41,"column":8},"end":{"line":44,"column":9}},"2":{"start":{"line":49,"column":8},"end":{"line":53,"column":36}},"3":{"start":{"line":50,"column":12},"end":{"line":52,"column":14}},"4":{"start":{"line":56,"column":8},"end":{"line":64,"column":31}},"5":{"start":{"line":57,"column":25},"end":{"line":57,"column":35}},"6":{"start":{"line":59,"column":16},"end":{"line":61,"column":18}},"7":{"start":{"line":69,"column":29},"end":{"line":69,"column":94}},"8":{"start":{"line":69,"column":56},"end":{"line":69,"column":93}},"9":{"start":{"line":71,"column":8},"end":{"line":105,"column":9}},"10":{"start":{"line":109,"column":24},"end":{"line":115,"column":1}},"11":{"start":{"line":110,"column":4},"end":{"line":114,"column":5}}},"fnMap":{"0":{"name":"(anonymous_0)","decl":{"start":{"line":39,"column":4},"end":{"line":39,"column":5}},"loc":{"start":{"line":39,"column":18},"end":{"line":45,"column":5}},"line":39},"1":{"name":"(anonymous_1)","decl":{"start":{"line":48,"column":4},"end":{"line":48,"column":5}},"loc":{"start":{"line":48,"column":24},"end":{"line":65,"column":5}},"line":48},"2":{"name":"(anonymous_2)","decl":{"start":{"line":49,"column":19},"end":{"line":49,"column":20}},"loc":{"start":{"line":49,"column":25},"end":{"line":53,"column":9}},"line":49},"3":{"name":"(anonymous_3)","decl":{"start":{"line":57,"column":18},"end":{"line":57,"column":19}},"loc":{"start":{"line":57,"column":25},"end":{"line":57,"column":35}},"line":57},"4":{"name":"(anonymous_4)","decl":{"start":{"line":58,"column":18},"end":{"line":58,"column":19}},"loc":{"start":{"line":58,"column":28},"end":{"line":63,"column":13}},"line":58},"5":{"name":"(anonymous_5)","decl":{"start":{"line":67,"column":4},"end":{"line":67,"column":5}},"loc":{"start":{"line":67,"column":13},"end":{"line":106,"column":5}},"line":67},"6":{"name":"(anonymous_6)","decl":{"start":{"line":69,"column":49},"end":{"line":69,"column":50}},"loc":{"start":{"line":69,"column":56},"end":{"line":69,"column":93}},"line":69},"7":{"name":"(anonymous_7)","decl":{"start":{"line":109,"column":24},"end":{"line":109,"column":25}},"loc":{"start":{"line":109,"column":35},"end":{"line":115,"column":1}},"line":109}},"branchMap":{},"s":{"0":0,"1":0,"2":0,"3":0,"4":0,"5":0,"6":0,"7":0,"8":0,"9":0,"10":1,"11":0},"f":{"0":0,"1":0,"2":0,"3":0,"4":0,"5":0,"6":0,"7":0},"b":{},"_coverageSchema":"43e27e138ebf9cfc5966b082cf9a028302ed4184","hash":"fd67fd9cdb3b50f4b1ff5a575a3647c40c47545a"}
,"C:\\projets\\miniat-react\\miniatauto-react\\src\\pages\\WhishlistPage.js": {"path":"C:\\projets\\miniat-react\\miniatauto-react\\src\\pages\\WhishlistPage.js","statementMap":{"0":{"start":{"line":13,"column":4},"end":{"line":13,"column":11}},"1":{"start":{"line":14,"column":4},"end":{"line":19,"column":5}},"2":{"start":{"line":24,"column":4},"end":{"line":28,"column":32}},"3":{"start":{"line":25,"column":6},"end":{"line":27,"column":8}},"4":{"start":{"line":31,"column":4},"end":{"line":39,"column":25}},"5":{"start":{"line":32,"column":19},"end":{"line":32,"column":29}},"6":{"start":{"line":34,"column":8},"end":{"line":36,"column":10}},"7":{"start":{"line":45,"column":16},"end":{"line":45,"column":48}},"8":{"start":{"line":47,"column":4},"end":{"line":49,"column":7}},"9":{"start":{"line":47,"column":32},"end":{"line":47,"column":50}},"10":{"start":{"line":48,"column":6},"end":{"line":48,"column":40}},"11":{"start":{"line":51,"column":25},"end":{"line":52,"column":79}},"12":{"start":{"line":52,"column":6},"end":{"line":52,"column":78}},"13":{"start":{"line":54,"column":4},"end":{"line":72,"column":5}}},"fnMap":{"0":{"name":"(anonymous_0)","decl":{"start":{"line":12,"column":2},"end":{"line":12,"column":3}},"loc":{"start":{"line":12,"column":16},"end":{"line":20,"column":3}},"line":12},"1":{"name":"(anonymous_1)","decl":{"start":{"line":23,"column":2},"end":{"line":23,"column":3}},"loc":{"start":{"line":23,"column":22},"end":{"line":40,"column":3}},"line":23},"2":{"name":"(anonymous_2)","decl":{"start":{"line":24,"column":15},"end":{"line":24,"column":16}},"loc":{"start":{"line":24,"column":21},"end":{"line":28,"column":5}},"line":24},"3":{"name":"(anonymous_3)","decl":{"start":{"line":32,"column":12},"end":{"line":32,"column":13}},"loc":{"start":{"line":32,"column":19},"end":{"line":32,"column":29}},"line":32},"4":{"name":"(anonymous_4)","decl":{"start":{"line":33,"column":12},"end":{"line":33,"column":13}},"loc":{"start":{"line":33,"column":22},"end":{"line":38,"column":7}},"line":33},"5":{"name":"(anonymous_5)","decl":{"start":{"line":42,"column":2},"end":{"line":42,"column":3}},"loc":{"start":{"line":42,"column":11},"end":{"line":73,"column":3}},"line":42},"6":{"name":"(anonymous_6)","decl":{"start":{"line":47,"column":25},"end":{"line":47,"column":26}},"loc":{"start":{"line":47,"column":32},"end":{"line":47,"column":50}},"line":47},"7":{"name":"(anonymous_7)","decl":{"start":{"line":47,"column":57},"end":{"line":47,"column":58}},"loc":{"start":{"line":47,"column":67},"end":{"line":49,"column":5}},"line":47},"8":{"name":"(anonymous_8)","decl":{"start":{"line":51,"column":35},"end":{"line":51,"column":36}},"loc":{"start":{"line":52,"column":6},"end":{"line":52,"column":78}},"line":52}},"branchMap":{},"s":{"0":0,"1":0,"2":0,"3":0,"4":0,"5":0,"6":0,"7":0,"8":0,"9":0,"10":0,"11":0,"12":0,"13":0},"f":{"0":0,"1":0,"2":0,"3":0,"4":0,"5":0,"6":0,"7":0,"8":0},"b":{},"_coverageSchema":"43e27e138ebf9cfc5966b082cf9a028302ed4184","hash":"384226b297524ce25451849f27838989c453171c"}
,"C:\\projets\\miniat-react\\miniatauto-react\\src\\store\\actions\\projectActions.js": {"path":"C:\\projets\\miniat-react\\miniatauto-react\\src\\store\\actions\\projectActions.js","statementMap":{"0":{"start":{"line":1,"column":29},"end":{"line":17,"column":1}},"1":{"start":{"line":2,"column":4},"end":{"line":16,"column":5}},"2":{"start":{"line":3,"column":26},"end":{"line":3,"column":40}},"3":{"start":{"line":5,"column":8},"end":{"line":15,"column":11}},"4":{"start":{"line":12,"column":12},"end":{"line":12,"column":68}},"5":{"start":{"line":14,"column":12},"end":{"line":14,"column":62}}},"fnMap":{"0":{"name":"(anonymous_0)","decl":{"start":{"line":1,"column":29},"end":{"line":1,"column":30}},"loc":{"start":{"line":1,"column":42},"end":{"line":17,"column":1}},"line":1},"1":{"name":"(anonymous_1)","decl":{"start":{"line":2,"column":11},"end":{"line":2,"column":12}},"loc":{"start":{"line":2,"column":66},"end":{"line":16,"column":5}},"line":2},"2":{"name":"(anonymous_2)","decl":{"start":{"line":11,"column":16},"end":{"line":11,"column":17}},"loc":{"start":{"line":11,"column":22},"end":{"line":13,"column":9}},"line":11},"3":{"name":"(anonymous_3)","decl":{"start":{"line":13,"column":17},"end":{"line":13,"column":18}},"loc":{"start":{"line":13,"column":26},"end":{"line":15,"column":9}},"line":13}},"branchMap":{},"s":{"0":1,"1":0,"2":0,"3":0,"4":0,"5":0},"f":{"0":0,"1":0,"2":0,"3":0},"b":{},"_coverageSchema":"43e27e138ebf9cfc5966b082cf9a028302ed4184","hash":"aaa6e43575becab44334b7e6064d4782ffbe9ab2"}
,"C:\\projets\\miniat-react\\miniatauto-react\\src\\store\\reducers\\authReducer.js": {"path":"C:\\projets\\miniat-react\\miniatauto-react\\src\\store\\reducers\\authReducer.js","statementMap":{"0":{"start":{"line":1,"column":18},"end":{"line":1,"column":20}},"1":{"start":{"line":3,"column":20},"end":{"line":5,"column":1}},"2":{"start":{"line":4,"column":4},"end":{"line":4,"column":17}}},"fnMap":{"0":{"name":"(anonymous_0)","decl":{"start":{"line":3,"column":20},"end":{"line":3,"column":21}},"loc":{"start":{"line":3,"column":51},"end":{"line":5,"column":1}},"line":3}},"branchMap":{"0":{"loc":{"start":{"line":3,"column":21},"end":{"line":3,"column":38}},"type":"default-arg","locations":[{"start":{"line":3,"column":29},"end":{"line":3,"column":38}}],"line":3}},"s":{"0":0,"1":0,"2":0},"f":{"0":0},"b":{"0":[0]},"hash":"4ecfb10d719dc069bddefa0a57ba66c339105450"}
,"C:\\projets\\miniat-react\\miniatauto-react\\src\\store\\reducers\\carReducer.js": {"path":"C:\\projets\\miniat-react\\miniatauto-react\\src\\store\\reducers\\carReducer.js","statementMap":{"0":{"start":{"line":1,"column":21},"end":{"line":791,"column":1}},"1":{"start":{"line":793,"column":20},"end":{"line":824,"column":1}},"2":{"start":{"line":794,"column":4},"end":{"line":801,"column":5}},"3":{"start":{"line":795,"column":23},"end":{"line":795,"column":35}},"4":{"start":{"line":797,"column":8},"end":{"line":800,"column":9}},"5":{"start":{"line":803,"column":4},"end":{"line":810,"column":5}},"6":{"start":{"line":804,"column":23},"end":{"line":804,"column":35}},"7":{"start":{"line":806,"column":8},"end":{"line":809,"column":9}},"8":{"start":{"line":812,"column":4},"end":{"line":821,"column":5}},"9":{"start":{"line":813,"column":22},"end":{"line":815,"column":10}},"10":{"start":{"line":814,"column":12},"end":{"line":814,"column":39}},"11":{"start":{"line":817,"column":8},"end":{"line":820,"column":9}},"12":{"start":{"line":823,"column":4},"end":{"line":823,"column":17}}},"fnMap":{"0":{"name":"(anonymous_0)","decl":{"start":{"line":793,"column":20},"end":{"line":793,"column":21}},"loc":{"start":{"line":793,"column":54},"end":{"line":824,"column":1}},"line":793},"1":{"name":"(anonymous_1)","decl":{"start":{"line":813,"column":40},"end":{"line":813,"column":41}},"loc":{"start":{"line":813,"column":49},"end":{"line":815,"column":9}},"line":813}},"branchMap":{"0":{"loc":{"start":{"line":793,"column":21},"end":{"line":793,"column":41}},"type":"default-arg","locations":[{"start":{"line":793,"column":29},"end":{"line":793,"column":41}}],"line":793},"1":{"loc":{"start":{"line":794,"column":4},"end":{"line":801,"column":5}},"type":"if","locations":[{"start":{"line":794,"column":4},"end":{"line":801,"column":5}},{"start":{"line":794,"column":4},"end":{"line":801,"column":5}}],"line":794},"2":{"loc":{"start":{"line":803,"column":4},"end":{"line":810,"column":5}},"type":"if","locations":[{"start":{"line":803,"column":4},"end":{"line":810,"column":5}},{"start":{"line":803,"column":4},"end":{"line":810,"column":5}}],"line":803},"3":{"loc":{"start":{"line":812,"column":4},"end":{"line":821,"column":5}},"type":"if","locations":[{"start":{"line":812,"column":4},"end":{"line":821,"column":5}},{"start":{"line":812,"column":4},"end":{"line":821,"column":5}}],"line":812}},"s":{"0":0,"1":0,"2":0,"3":0,"4":0,"5":0,"6":0,"7":0,"8":0,"9":0,"10":0,"11":0,"12":0},"f":{"0":0,"1":0},"b":{"0":[0],"1":[0,0],"2":[0,0],"3":[0,0]},"hash":"515b37ed1a6d65423036267d7f8c6174fb371e0b"}
,"C:\\projets\\miniat-react\\miniatauto-react\\src\\store\\reducers\\projectReducer.js": {"path":"C:\\projets\\miniat-react\\miniatauto-react\\src\\store\\reducers\\projectReducer.js","statementMap":{"0":{"start":{"line":1,"column":18},"end":{"line":7,"column":1}},"1":{"start":{"line":9,"column":23},"end":{"line":20,"column":1}},"2":{"start":{"line":10,"column":4},"end":{"line":19,"column":5}},"3":{"start":{"line":12,"column":12},"end":{"line":12,"column":61}},"4":{"start":{"line":13,"column":12},"end":{"line":13,"column":25}},"5":{"start":{"line":15,"column":12},"end":{"line":15,"column":54}},"6":{"start":{"line":16,"column":12},"end":{"line":16,"column":25}},"7":{"start":{"line":18,"column":12},"end":{"line":18,"column":25}}},"fnMap":{"0":{"name":"(anonymous_0)","decl":{"start":{"line":9,"column":23},"end":{"line":9,"column":24}},"loc":{"start":{"line":9,"column":54},"end":{"line":20,"column":1}},"line":9}},"branchMap":{"0":{"loc":{"start":{"line":9,"column":24},"end":{"line":9,"column":41}},"type":"default-arg","locations":[{"start":{"line":9,"column":32},"end":{"line":9,"column":41}}],"line":9},"1":{"loc":{"start":{"line":10,"column":4},"end":{"line":19,"column":5}},"type":"switch","locations":[{"start":{"line":11,"column":8},"end":{"line":13,"column":25}},{"start":{"line":14,"column":8},"end":{"line":16,"column":25}},{"start":{"line":17,"column":8},"end":{"line":18,"column":25}}],"line":10}},"s":{"0":0,"1":0,"2":0,"3":0,"4":0,"5":0,"6":0,"7":0},"f":{"0":0},"b":{"0":[0],"1":[0,0,0]},"hash":"2e6b2e5e8259ae106a01493ab6b26f480668294a"}
,"C:\\projets\\miniat-react\\miniatauto-react\\src\\store\\reducers\\rootReducer.js": {"path":"C:\\projets\\miniat-react\\miniatauto-react\\src\\store\\reducers\\rootReducer.js","statementMap":{"0":{"start":{"line":10,"column":20},"end":{"line":15,"column":2}}},"fnMap":{},"branchMap":{},"s":{"0":0},"f":{},"b":{},"hash":"d51330c94b2e9c99bee99acc29440f8acfea7c1b"}
,"C:\\projets\\miniat-react\\miniatauto-react\\src\\stories\\index.js": {"path":"C:\\projets\\miniat-react\\miniatauto-react\\src\\stories\\index.js","statementMap":{"0":{"start":{"line":24,"column":0},"end":{"line":24,"column":55}},"1":{"start":{"line":24,"column":46},"end":{"line":24,"column":53}},"2":{"start":{"line":26,"column":0},"end":{"line":29,"column":39}},"3":{"start":{"line":27,"column":26},"end":{"line":27,"column":87}},"4":{"start":{"line":28,"column":23},"end":{"line":28,"column":33}},"5":{"start":{"line":29,"column":25},"end":{"line":29,"column":37}},"6":{"start":{"line":31,"column":0},"end":{"line":31,"column":61}},"7":{"start":{"line":31,"column":49},"end":{"line":31,"column":59}},"8":{"start":{"line":35,"column":28},"end":{"line":40,"column":1}},"9":{"start":{"line":42,"column":23},"end":{"line":44,"column":1}},"10":{"start":{"line":46,"column":0},"end":{"line":48,"column":77}},"11":{"start":{"line":47,"column":26},"end":{"line":47,"column":87}},"12":{"start":{"line":48,"column":24},"end":{"line":48,"column":75}},"13":{"start":{"line":51,"column":25},"end":{"line":62,"column":1}},"14":{"start":{"line":64,"column":0},"end":{"line":66,"column":58}},"15":{"start":{"line":65,"column":26},"end":{"line":65,"column":87}},"16":{"start":{"line":66,"column":24},"end":{"line":66,"column":56}},"17":{"start":{"line":69,"column":32},"end":{"line":79,"column":1}},"18":{"start":{"line":81,"column":0},"end":{"line":83,"column":66}},"19":{"start":{"line":82,"column":26},"end":{"line":82,"column":87}},"20":{"start":{"line":83,"column":25},"end":{"line":83,"column":64}},"21":{"start":{"line":86,"column":25},"end":{"line":105,"column":1}},"22":{"start":{"line":107,"column":0},"end":{"line":109,"column":58}},"23":{"start":{"line":108,"column":26},"end":{"line":108,"column":87}},"24":{"start":{"line":109,"column":24},"end":{"line":109,"column":56}},"25":{"start":{"line":112,"column":33},"end":{"line":130,"column":1}},"26":{"start":{"line":132,"column":0},"end":{"line":134,"column":67}},"27":{"start":{"line":133,"column":26},"end":{"line":133,"column":87}},"28":{"start":{"line":134,"column":25},"end":{"line":134,"column":65}}},"fnMap":{"0":{"name":"(anonymous_0)","decl":{"start":{"line":24,"column":40},"end":{"line":24,"column":41}},"loc":{"start":{"line":24,"column":46},"end":{"line":24,"column":53}},"line":24},"1":{"name":"(anonymous_1)","decl":{"start":{"line":27,"column":16},"end":{"line":27,"column":17}},"loc":{"start":{"line":27,"column":26},"end":{"line":27,"column":87}},"line":27},"2":{"name":"(anonymous_2)","decl":{"start":{"line":28,"column":17},"end":{"line":28,"column":18}},"loc":{"start":{"line":28,"column":23},"end":{"line":28,"column":33}},"line":28},"3":{"name":"(anonymous_3)","decl":{"start":{"line":29,"column":19},"end":{"line":29,"column":20}},"loc":{"start":{"line":29,"column":25},"end":{"line":29,"column":37}},"line":29},"4":{"name":"(anonymous_4)","decl":{"start":{"line":31,"column":43},"end":{"line":31,"column":44}},"loc":{"start":{"line":31,"column":49},"end":{"line":31,"column":59}},"line":31},"5":{"name":"(anonymous_5)","decl":{"start":{"line":47,"column":16},"end":{"line":47,"column":17}},"loc":{"start":{"line":47,"column":26},"end":{"line":47,"column":87}},"line":47},"6":{"name":"(anonymous_6)","decl":{"start":{"line":48,"column":18},"end":{"line":48,"column":19}},"loc":{"start":{"line":48,"column":24},"end":{"line":48,"column":75}},"line":48},"7":{"name":"(anonymous_7)","decl":{"start":{"line":65,"column":16},"end":{"line":65,"column":17}},"loc":{"start":{"line":65,"column":26},"end":{"line":65,"column":87}},"line":65},"8":{"name":"(anonymous_8)","decl":{"start":{"line":66,"column":18},"end":{"line":66,"column":19}},"loc":{"start":{"line":66,"column":24},"end":{"line":66,"column":56}},"line":66},"9":{"name":"(anonymous_9)","decl":{"start":{"line":82,"column":16},"end":{"line":82,"column":17}},"loc":{"start":{"line":82,"column":26},"end":{"line":82,"column":87}},"line":82},"10":{"name":"(anonymous_10)","decl":{"start":{"line":83,"column":19},"end":{"line":83,"column":20}},"loc":{"start":{"line":83,"column":25},"end":{"line":83,"column":64}},"line":83},"11":{"name":"(anonymous_11)","decl":{"start":{"line":108,"column":16},"end":{"line":108,"column":17}},"loc":{"start":{"line":108,"column":26},"end":{"line":108,"column":87}},"line":108},"12":{"name":"(anonymous_12)","decl":{"start":{"line":109,"column":18},"end":{"line":109,"column":19}},"loc":{"start":{"line":109,"column":24},"end":{"line":109,"column":56}},"line":109},"13":{"name":"(anonymous_13)","decl":{"start":{"line":133,"column":16},"end":{"line":133,"column":17}},"loc":{"start":{"line":133,"column":26},"end":{"line":133,"column":87}},"line":133},"14":{"name":"(anonymous_14)","decl":{"start":{"line":134,"column":19},"end":{"line":134,"column":20}},"loc":{"start":{"line":134,"column":25},"end":{"line":134,"column":65}},"line":134}},"branchMap":{},"s":{"0":0,"1":0,"2":0,"3":0,"4":0,"5":0,"6":0,"7":0,"8":0,"9":0,"10":0,"11":0,"12":0,"13":0,"14":0,"15":0,"16":0,"17":0,"18":0,"19":0,"20":0,"21":0,"22":0,"23":0,"24":0,"25":0,"26":0,"27":0,"28":0},"f":{"0":0,"1":0,"2":0,"3":0,"4":0,"5":0,"6":0,"7":0,"8":0,"9":0,"10":0,"11":0,"12":0,"13":0,"14":0},"b":{},"hash":"947402f4aa6e36f924d5cbca3e6556325526cb2e"}
}
