TN:
SF:C:\projets\miniat-react\miniatauto-react\src\App.js
FN:27,(anonymous_0)
FNF:1
FNH:0
FNDA:0,(anonymous_0)
DA:28,0
LF:1
LH:0
BRF:0
BRH:0
end_of_record
TN:
SF:C:\projets\miniat-react\miniatauto-react\src\carsData.js
FNF:0
FNH:0
DA:1,0
LF:1
LH:0
BRF:0
BRH:0
end_of_record
TN:
SF:C:\projets\miniat-react\miniatauto-react\src\db.js
FNF:0
FNH:0
DA:1,1
LF:1
LH:1
BRF:0
BRH:0
end_of_record
TN:
SF:C:\projets\miniat-react\miniatauto-react\src\index.js
FNF:0
FNH:0
DA:18,0
DA:26,0
DA:31,0
LF:3
LH:0
BRF:0
BRH:0
end_of_record
TN:
SF:C:\projets\miniat-react\miniatauto-react\src\serviceWorker.js
FN:23,register
FN:34,(anonymous_1)
FN:43,(anonymous_2)
FN:57,registerValidSW
FN:60,(anonymous_4)
FN:61,(anonymous_5)
FN:66,(anonymous_6)
FN:96,(anonymous_7)
FN:101,checkValidServiceWorker
FN:104,(anonymous_9)
FN:112,(anonymous_10)
FN:113,(anonymous_11)
FN:122,(anonymous_12)
FN:129,unregister
FN:131,(anonymous_14)
FNF:15
FNH:0
FNDA:0,register
FNDA:0,(anonymous_1)
FNDA:0,(anonymous_2)
FNDA:0,registerValidSW
FNDA:0,(anonymous_4)
FNDA:0,(anonymous_5)
FNDA:0,(anonymous_6)
FNDA:0,(anonymous_7)
FNDA:0,checkValidServiceWorker
FNDA:0,(anonymous_9)
FNDA:0,(anonymous_10)
FNDA:0,(anonymous_11)
FNDA:0,(anonymous_12)
FNDA:0,unregister
FNDA:0,(anonymous_14)
DA:13,0
DA:24,0
DA:26,0
DA:27,0
DA:31,0
DA:34,0
DA:35,0
DA:37,0
DA:39,0
DA:43,0
DA:44,0
DA:51,0
DA:58,0
DA:61,0
DA:62,0
DA:63,0
DA:64,0
DA:66,0
DA:67,0
DA:68,0
DA:72,0
DA:78,0
DA:79,0
DA:85,0
DA:88,0
DA:89,0
DA:97,0
DA:103,0
DA:106,0
DA:107,0
DA:112,0
DA:113,0
DA:114,0
DA:119,0
DA:123,0
DA:130,0
DA:131,0
DA:132,0
LF:38
LH:0
BRDA:14,0,0,0
BRDA:14,0,1,0
BRDA:14,0,2,0
BRDA:24,1,0,0
BRDA:24,1,1,0
BRDA:24,2,0,0
BRDA:24,2,1,0
BRDA:27,3,0,0
BRDA:27,3,1,0
BRDA:37,4,0,0
BRDA:37,4,1,0
BRDA:63,5,0,0
BRDA:63,5,1,0
BRDA:67,6,0,0
BRDA:67,6,1,0
BRDA:68,7,0,0
BRDA:68,7,1,0
BRDA:78,8,0,0
BRDA:78,8,1,0
BRDA:78,9,0,0
BRDA:78,9,1,0
BRDA:88,10,0,0
BRDA:88,10,1,0
BRDA:88,11,0,0
BRDA:88,11,1,0
BRDA:107,12,0,0
BRDA:107,12,1,0
BRDA:108,13,0,0
BRDA:108,13,1,0
BRDA:108,13,2,0
BRDA:130,14,0,0
BRDA:130,14,1,0
BRF:32
BRH:0
end_of_record
TN:
SF:C:\projets\miniat-react\miniatauto-react\src\actions\postActions.js
FN:1,(anonymous_0)
FNF:1
FNH:0
FNDA:0,(anonymous_0)
DA:1,1
DA:2,0
LF:2
LH:1
BRF:0
BRH:0
end_of_record
TN:
SF:C:\projets\miniat-react\miniatauto-react\src\components\AddForm\AddForm.js
FN:7,(anonymous_0)
FN:24,(anonymous_1)
FN:30,(anonymous_2)
FN:47,(anonymous_3)
FN:53,(anonymous_4)
FN:56,(anonymous_5)
FN:63,(anonymous_6)
FN:64,(anonymous_7)
FN:82,(anonymous_8)
FNF:9
FNH:0
FNDA:0,(anonymous_0)
FNDA:0,(anonymous_1)
FNDA:0,(anonymous_2)
FNDA:0,(anonymous_3)
FNDA:0,(anonymous_4)
FNDA:0,(anonymous_5)
FNDA:0,(anonymous_6)
FNDA:0,(anonymous_7)
FNDA:0,(anonymous_8)
DA:8,0
DA:10,0
DA:24,0
DA:25,0
DA:30,0
DA:31,0
DA:32,0
DA:34,0
DA:42,0
DA:43,0
DA:44,0
DA:47,0
DA:48,0
DA:55,0
DA:57,0
DA:63,0
DA:64,0
DA:65,0
DA:69,0
DA:83,0
LF:20
LH:0
BRF:0
BRH:0
end_of_record
TN:
SF:C:\projets\miniat-react\miniatauto-react\src\components\Auth\SignIn.js
FN:13,(anonymous_0)
FN:19,(anonymous_1)
FN:23,(anonymous_2)
FNF:3
FNH:0
FNDA:0,(anonymous_0)
FNDA:0,(anonymous_1)
FNDA:0,(anonymous_2)
DA:6,0
DA:13,0
DA:14,0
DA:19,0
DA:20,0
DA:24,0
LF:6
LH:0
BRF:0
BRH:0
end_of_record
TN:
SF:C:\projets\miniat-react\miniatauto-react\src\components\Auth\SignUp.js
FN:13,(anonymous_0)
FN:19,(anonymous_1)
FN:24,(anonymous_2)
FNF:3
FNH:0
FNDA:0,(anonymous_0)
FNDA:0,(anonymous_1)
FNDA:0,(anonymous_2)
DA:6,0
DA:13,0
DA:14,0
DA:19,0
DA:20,0
DA:21,0
DA:25,0
LF:7
LH:0
BRF:0
BRH:0
end_of_record
TN:
SF:C:\projets\miniat-react\miniatauto-react\src\components\Autocomplete\Autocomplete.js
FN:11,(anonymous_0)
FN:24,(anonymous_1)
FN:25,(anonymous_2)
FN:34,(anonymous_3)
FN:35,(anonymous_4)
FN:46,(anonymous_5)
FN:49,(anonymous_6)
FN:65,(anonymous_7)
FN:66,(anonymous_8)
FN:79,(anonymous_9)
FN:85,(anonymous_10)
FN:94,(anonymous_11)
FN:103,(anonymous_12)
FN:115,(anonymous_13)
FN:117,(anonymous_14)
FN:134,(anonymous_15)
FNF:16
FNH:0
FNDA:0,(anonymous_0)
FNDA:0,(anonymous_1)
FNDA:0,(anonymous_2)
FNDA:0,(anonymous_3)
FNDA:0,(anonymous_4)
FNDA:0,(anonymous_5)
FNDA:0,(anonymous_6)
FNDA:0,(anonymous_7)
FNDA:0,(anonymous_8)
FNDA:0,(anonymous_9)
FNDA:0,(anonymous_10)
FNDA:0,(anonymous_11)
FNDA:0,(anonymous_12)
FNDA:0,(anonymous_13)
FNDA:0,(anonymous_14)
FNDA:0,(anonymous_15)
DA:12,0
DA:13,0
DA:20,0
DA:25,0
DA:26,0
DA:33,0
DA:34,0
DA:36,0
DA:43,0
DA:47,0
DA:49,0
DA:50,0
DA:59,0
DA:66,0
DA:67,0
DA:68,0
DA:72,0
DA:80,0
DA:87,0
DA:88,0
DA:90,0
DA:94,0
DA:103,0
DA:116,0
DA:117,0
DA:134,1
DA:135,0
LF:27
LH:1
BRDA:50,0,0,0
BRDA:50,0,1,0
BRDA:50,0,2,0
BRDA:50,0,3,0
BRDA:50,0,4,0
BRDA:50,0,5,0
BRDA:50,0,6,0
BRDA:67,1,0,0
BRDA:67,1,1,0
BRDA:91,2,0,0
BRDA:91,2,1,0
BRDA:114,3,0,0
BRDA:114,3,1,0
BRF:13
BRH:0
end_of_record
TN:
SF:C:\projets\miniat-react\miniatauto-react\src\components\Button\Button.js
FN:5,(anonymous_0)
FNF:1
FNH:1
FNDA:1,(anonymous_0)
DA:6,1
LF:1
LH:1
BRF:0
BRH:0
end_of_record
TN:
SF:C:\projets\miniat-react\miniatauto-react\src\components\CarInfo\CarInfo.tsx
FN:12,(anonymous_0)
FNF:1
FNH:1
FNDA:1,(anonymous_0)
DA:13,1
LF:1
LH:1
BRF:0
BRH:0
end_of_record
TN:
SF:C:\projets\miniat-react\miniatauto-react\src\components\Dashboard\Dashboard.js
FN:13,(anonymous_0)
FN:23,(anonymous_1)
FN:33,(anonymous_2)
FN:43,(anonymous_3)
FN:47,(anonymous_4)
FN:67,(anonymous_5)
FN:76,(anonymous_6)
FN:78,(anonymous_7)
FNF:8
FNH:0
FNDA:0,(anonymous_0)
FNDA:0,(anonymous_1)
FNDA:0,(anonymous_2)
FNDA:0,(anonymous_3)
FNDA:0,(anonymous_4)
FNDA:0,(anonymous_5)
FNDA:0,(anonymous_6)
FNDA:0,(anonymous_7)
DA:14,0
DA:15,0
DA:24,0
DA:25,0
DA:34,0
DA:35,0
DA:43,0
DA:44,0
DA:48,0
DA:67,0
DA:76,1
DA:77,0
DA:78,0
LF:13
LH:1
BRDA:14,0,0,0
BRDA:14,0,1,0
BRDA:14,1,0,0
BRDA:14,1,1,0
BRDA:24,2,0,0
BRDA:24,2,1,0
BRDA:24,3,0,0
BRDA:24,3,1,0
BRDA:24,3,2,0
BRDA:34,4,0,0
BRDA:34,4,1,0
BRF:11
BRH:0
end_of_record
TN:
SF:C:\projets\miniat-react\miniatauto-react\src\components\Dashboard\Notifications.js
FN:6,(anonymous_0)
FNF:1
FNH:0
FNDA:0,(anonymous_0)
DA:7,0
LF:1
LH:0
BRF:0
BRH:0
end_of_record
TN:
SF:C:\projets\miniat-react\miniatauto-react\src\components\Footer\Footer.js
FN:5,(anonymous_0)
FNF:1
FNH:0
FNDA:0,(anonymous_0)
DA:5,1
DA:6,0
LF:2
LH:1
BRF:0
BRH:0
end_of_record
TN:
SF:C:\projets\miniat-react\miniatauto-react\src\components\Grid\Grid.js
FN:7,(anonymous_0)
FNF:1
FNH:1
FNDA:2,(anonymous_0)
DA:8,2
DA:12,2
DA:16,2
DA:17,1
DA:29,1
LF:5
LH:5
BRDA:16,0,0,1
BRDA:16,0,1,1
BRDA:30,1,0,0
BRDA:30,1,1,1
BRF:4
BRH:3
end_of_record
TN:
SF:C:\projets\miniat-react\miniatauto-react\src\components\Header\Header.tsx
FN:14,(anonymous_0)
FN:18,(anonymous_1)
FN:22,(anonymous_2)
FNF:3
FNH:0
FNDA:0,(anonymous_0)
FNDA:0,(anonymous_1)
FNDA:0,(anonymous_2)
DA:15,0
DA:19,0
DA:23,0
LF:3
LH:0
BRF:0
BRH:0
end_of_record
TN:
SF:C:\projets\miniat-react\miniatauto-react\src\components\Header\SignInLinks.js
FN:7,(anonymous_0)
FNF:1
FNH:0
FNDA:0,(anonymous_0)
DA:8,0
LF:1
LH:0
BRF:0
BRH:0
end_of_record
TN:
SF:C:\projets\miniat-react\miniatauto-react\src\components\Header\SignOutLinks.js
FN:7,(anonymous_0)
FNF:1
FNH:0
FNDA:0,(anonymous_0)
DA:8,0
LF:1
LH:0
BRF:0
BRH:0
end_of_record
TN:
SF:C:\projets\miniat-react\miniatauto-react\src\components\List\List.js
FN:22,(anonymous_0)
FN:53,(anonymous_1)
FNF:2
FNH:1
FNDA:2,(anonymous_0)
FNDA:0,(anonymous_1)
DA:23,2
DA:28,2
DA:32,2
DA:33,1
DA:45,1
DA:53,0
LF:6
LH:5
BRDA:32,0,0,1
BRDA:32,0,1,1
BRDA:47,1,0,0
BRDA:47,1,1,1
BRDA:51,2,0,1
BRDA:51,2,1,0
BRF:6
BRH:4
end_of_record
TN:
SF:C:\projets\miniat-react\miniatauto-react\src\components\PanelNav\PanelNav.js
FN:8,(anonymous_0)
FN:18,(anonymous_1)
FN:19,(anonymous_2)
FN:27,(anonymous_3)
FN:28,(anonymous_4)
FN:37,(anonymous_5)
FN:50,(anonymous_6)
FN:54,(anonymous_7)
FN:56,(anonymous_8)
FN:63,(anonymous_9)
FN:65,(anonymous_10)
FNF:11
FNH:6
FNDA:2,(anonymous_0)
FNDA:2,(anonymous_1)
FNDA:0,(anonymous_2)
FNDA:0,(anonymous_3)
FNDA:0,(anonymous_4)
FNDA:2,(anonymous_5)
FNDA:4,(anonymous_6)
FNDA:1,(anonymous_7)
FNDA:1,(anonymous_8)
FNDA:0,(anonymous_9)
FNDA:0,(anonymous_10)
DA:9,2
DA:10,2
DA:15,2
DA:19,2
DA:20,0
DA:26,2
DA:27,0
DA:29,0
DA:38,2
DA:39,0
DA:43,2
DA:51,4
DA:54,1
DA:56,1
DA:64,0
DA:65,0
LF:16
LH:10
BRDA:38,0,0,0
BRDA:38,0,1,2
BRDA:52,1,0,0
BRDA:52,1,1,4
BRDA:53,2,0,0
BRDA:53,2,1,4
BRF:6
BRH:3
end_of_record
TN:
SF:C:\projets\miniat-react\miniatauto-react\src\components\Projects\CreateProject.js
FN:15,(anonymous_0)
FN:21,(anonymous_1)
FN:26,(anonymous_2)
FN:61,(anonymous_3)
FN:63,(anonymous_4)
FNF:5
FNH:0
FNDA:0,(anonymous_0)
FNDA:0,(anonymous_1)
FNDA:0,(anonymous_2)
FNDA:0,(anonymous_3)
FNDA:0,(anonymous_4)
DA:10,0
DA:15,0
DA:16,0
DA:21,0
DA:22,0
DA:23,0
DA:27,0
DA:61,1
DA:62,0
DA:63,0
LF:10
LH:1
BRF:0
BRH:0
end_of_record
TN:
SF:C:\projets\miniat-react\miniatauto-react\src\components\Projects\ProjectDetails.js
FN:6,(anonymous_0)
FNF:1
FNH:0
FNDA:0,(anonymous_0)
DA:7,0
DA:8,0
DA:10,0
LF:3
LH:0
BRF:0
BRH:0
end_of_record
TN:
SF:C:\projets\miniat-react\miniatauto-react\src\components\Projects\ProjectList.js
FN:4,(anonymous_0)
FN:7,(anonymous_1)
FNF:2
FNH:0
FNDA:0,(anonymous_0)
FNDA:0,(anonymous_1)
DA:4,1
DA:5,0
DA:8,0
LF:3
LH:1
BRDA:7,0,0,0
BRDA:7,0,1,0
BRF:2
BRH:0
end_of_record
TN:
SF:C:\projets\miniat-react\miniatauto-react\src\components\Projects\ProjectSummary.js
FN:3,(anonymous_0)
FNF:1
FNH:0
FNDA:0,(anonymous_0)
DA:3,1
DA:5,0
LF:2
LH:1
BRF:0
BRH:0
end_of_record
TN:
SF:C:\projets\miniat-react\miniatauto-react\src\components\Slider\LeftNavigation.js
FN:6,(anonymous_0)
FNF:1
FNH:0
FNDA:0,(anonymous_0)
DA:6,1
DA:7,0
LF:2
LH:1
BRF:0
BRH:0
end_of_record
TN:
SF:C:\projets\miniat-react\miniatauto-react\src\components\Slider\Pagination.js
FN:3,(anonymous_0)
FN:9,(anonymous_1)
FN:10,(anonymous_2)
FNF:3
FNH:0
FNDA:0,(anonymous_0)
FNDA:0,(anonymous_1)
FNDA:0,(anonymous_2)
DA:3,1
DA:5,0
DA:10,0
LF:3
LH:1
BRDA:10,0,0,0
BRDA:10,0,1,0
BRF:2
BRH:0
end_of_record
TN:
SF:C:\projets\miniat-react\miniatauto-react\src\components\Slider\RightNavigation.js
FN:6,(anonymous_0)
FNF:1
FNH:0
FNDA:0,(anonymous_0)
DA:6,1
DA:7,0
LF:2
LH:1
BRF:0
BRH:0
end_of_record
TN:
SF:C:\projets\miniat-react\miniatauto-react\src\components\Slider\Slide.js
FN:3,(anonymous_0)
FNF:1
FNH:0
FNDA:0,(anonymous_0)
DA:3,1
DA:4,0
DA:11,0
LF:3
LH:1
BRF:0
BRH:0
end_of_record
TN:
SF:C:\projets\miniat-react\miniatauto-react\src\components\Slider\Slider.js
FN:13,(anonymous_0)
FN:34,(anonymous_1)
FN:41,(anonymous_2)
FN:47,(anonymous_3)
FN:59,(anonymous_4)
FN:66,(anonymous_5)
FN:69,(anonymous_6)
FN:75,(anonymous_7)
FN:78,(anonymous_8)
FN:84,(anonymous_9)
FN:88,(anonymous_10)
FN:94,(anonymous_11)
FN:98,(anonymous_12)
FN:119,(anonymous_13)
FNF:14
FNH:0
FNDA:0,(anonymous_0)
FNDA:0,(anonymous_1)
FNDA:0,(anonymous_2)
FNDA:0,(anonymous_3)
FNDA:0,(anonymous_4)
FNDA:0,(anonymous_5)
FNDA:0,(anonymous_6)
FNDA:0,(anonymous_7)
FNDA:0,(anonymous_8)
FNDA:0,(anonymous_9)
FNDA:0,(anonymous_10)
FNDA:0,(anonymous_11)
FNDA:0,(anonymous_12)
FNDA:0,(anonymous_13)
DA:14,0
DA:16,0
DA:34,0
DA:35,0
DA:36,0
DA:38,0
DA:39,0
DA:41,0
DA:47,0
DA:48,0
DA:49,0
DA:56,0
DA:57,0
DA:59,0
DA:66,0
DA:67,0
DA:69,0
DA:75,0
DA:76,0
DA:77,0
DA:78,0
DA:81,0
DA:84,0
DA:85,0
DA:89,0
DA:90,0
DA:91,0
DA:95,0
DA:99,0
DA:108,0
DA:120,0
LF:31
LH:0
BRDA:35,0,0,0
BRDA:35,0,1,0
BRDA:38,1,0,0
BRDA:38,1,1,0
BRDA:48,2,0,0
BRDA:48,2,1,0
BRDA:57,3,0,0
BRDA:57,3,1,0
BRDA:67,4,0,0
BRDA:67,4,1,0
BRDA:76,5,0,0
BRDA:76,5,1,0
BRDA:109,6,0,0
BRDA:109,6,1,0
BRF:14
BRH:0
end_of_record
TN:
SF:C:\projets\miniat-react\miniatauto-react\src\components\Toaster\Toaster.tsx
FN:25,(anonymous_0)
FN:41,(anonymous_1)
FN:46,(anonymous_2)
FN:53,(anonymous_3)
FN:69,(anonymous_4)
FNF:5
FNH:4
FNDA:3,(anonymous_0)
FNDA:1,(anonymous_1)
FNDA:0,(anonymous_2)
FNDA:5,(anonymous_3)
FNDA:1,(anonymous_4)
DA:26,3
DA:28,3
DA:42,1
DA:46,1
DA:47,0
DA:54,5
DA:69,1
LF:7
LH:6
BRDA:55,0,0,1
BRDA:55,0,1,4
BRF:2
BRH:2
end_of_record
TN:
SF:C:\projets\miniat-react\miniatauto-react\src\config\fireBaseConfig.js
FNF:0
FNH:0
DA:6,0
DA:16,0
DA:17,0
LF:3
LH:0
BRF:0
BRH:0
end_of_record
TN:
SF:C:\projets\miniat-react\miniatauto-react\src\pages\CarPage.js
FN:29,(anonymous_0)
FN:38,(anonymous_1)
FN:39,(anonymous_2)
FN:47,(anonymous_3)
FN:48,(anonymous_4)
FN:57,(anonymous_5)
FN:58,(anonymous_6)
FN:61,(anonymous_7)
FN:62,(anonymous_8)
FN:71,(anonymous_9)
FNF:10
FNH:0
FNDA:0,(anonymous_0)
FNDA:0,(anonymous_1)
FNDA:0,(anonymous_2)
FNDA:0,(anonymous_3)
FNDA:0,(anonymous_4)
FNDA:0,(anonymous_5)
FNDA:0,(anonymous_6)
FNDA:0,(anonymous_7)
FNDA:0,(anonymous_8)
FNDA:0,(anonymous_9)
DA:30,0
DA:31,0
DA:39,0
DA:40,0
DA:46,0
DA:47,0
DA:49,0
DA:58,0
DA:61,0
DA:62,0
DA:64,0
DA:72,0
LF:12
LH:0
BRF:0
BRH:0
end_of_record
TN:
SF:C:\projets\miniat-react\miniatauto-react\src\pages\ErrorPage.jsx
FN:3,(anonymous_0)
FNF:1
FNH:0
FNDA:0,(anonymous_0)
DA:3,1
DA:4,0
LF:2
LH:1
BRF:0
BRH:0
end_of_record
TN:
SF:C:\projets\miniat-react\miniatauto-react\src\pages\ListPage.js
FN:34,(anonymous_0)
FN:56,(anonymous_1)
FN:57,(anonymous_2)
FN:58,(anonymous_3)
FN:83,(anonymous_4)
FN:89,(anonymous_5)
FN:92,(anonymous_6)
FN:104,(anonymous_7)
FN:107,(anonymous_8)
FN:132,(anonymous_9)
FN:141,(anonymous_10)
FN:142,(anonymous_11)
FN:143,(anonymous_12)
FN:151,(anonymous_13)
FN:152,(anonymous_14)
FN:160,(anonymous_15)
FN:161,(anonymous_16)
FN:171,(anonymous_17)
FN:179,(anonymous_18)
FN:191,(anonymous_19)
FN:228,(anonymous_20)
FN:229,(anonymous_21)
FN:230,(anonymous_22)
FN:231,(anonymous_23)
FN:232,(anonymous_24)
FN:233,(anonymous_25)
FN:234,(anonymous_26)
FN:235,(anonymous_27)
FN:236,(anonymous_28)
FN:252,(anonymous_29)
FN:260,(anonymous_30)
FN:262,(anonymous_31)
FN:263,(anonymous_32)
FN:264,(anonymous_33)
FNF:34
FNH:0
FNDA:0,(anonymous_0)
FNDA:0,(anonymous_1)
FNDA:0,(anonymous_2)
FNDA:0,(anonymous_3)
FNDA:0,(anonymous_4)
FNDA:0,(anonymous_5)
FNDA:0,(anonymous_6)
FNDA:0,(anonymous_7)
FNDA:0,(anonymous_8)
FNDA:0,(anonymous_9)
FNDA:0,(anonymous_10)
FNDA:0,(anonymous_11)
FNDA:0,(anonymous_12)
FNDA:0,(anonymous_13)
FNDA:0,(anonymous_14)
FNDA:0,(anonymous_15)
FNDA:0,(anonymous_16)
FNDA:0,(anonymous_17)
FNDA:0,(anonymous_18)
FNDA:0,(anonymous_19)
FNDA:0,(anonymous_20)
FNDA:0,(anonymous_21)
FNDA:0,(anonymous_22)
FNDA:0,(anonymous_23)
FNDA:0,(anonymous_24)
FNDA:0,(anonymous_25)
FNDA:0,(anonymous_26)
FNDA:0,(anonymous_27)
FNDA:0,(anonymous_28)
FNDA:0,(anonymous_29)
FNDA:0,(anonymous_30)
FNDA:0,(anonymous_31)
FNDA:0,(anonymous_32)
FNDA:0,(anonymous_33)
DA:35,0
DA:36,0
DA:47,0
DA:48,0
DA:49,0
DA:50,0
DA:51,0
DA:53,0
DA:57,0
DA:58,0
DA:59,0
DA:60,0
DA:63,0
DA:64,0
DA:65,0
DA:66,0
DA:68,0
DA:69,0
DA:70,0
DA:73,0
DA:75,0
DA:80,0
DA:84,0
DA:91,0
DA:92,0
DA:93,0
DA:94,0
DA:96,0
DA:99,0
DA:106,0
DA:107,0
DA:108,0
DA:110,0
DA:112,0
DA:114,0
DA:116,0
DA:118,0
DA:120,0
DA:122,0
DA:124,0
DA:127,0
DA:134,0
DA:135,0
DA:142,0
DA:143,0
DA:144,0
DA:147,0
DA:152,0
DA:153,0
DA:159,0
DA:160,0
DA:162,0
DA:172,0
DA:175,0
DA:176,0
DA:178,0
DA:179,0
DA:180,0
DA:188,0
DA:191,0
DA:197,0
DA:228,0
DA:229,0
DA:230,0
DA:231,0
DA:232,0
DA:233,0
DA:234,0
DA:235,0
DA:236,0
DA:252,1
DA:253,0
DA:260,1
DA:261,0
DA:262,0
DA:263,0
DA:264,0
LF:77
LH:2
BRDA:59,0,0,0
BRDA:59,0,1,0
BRDA:68,1,0,0
BRDA:68,1,1,0
BRDA:68,2,0,0
BRDA:68,2,1,0
BRDA:93,3,0,0
BRDA:93,3,1,0
BRDA:108,4,0,0
BRDA:108,4,1,0
BRDA:108,4,2,0
BRDA:108,4,3,0
BRDA:108,4,4,0
BRDA:108,4,5,0
BRDA:108,4,6,0
BRDA:108,4,7,0
BRDA:178,5,0,0
BRDA:178,5,1,0
BRDA:180,6,0,0
BRDA:180,6,1,0
BRDA:180,6,2,0
BRDA:180,6,3,0
BRDA:180,6,4,0
BRF:23
BRH:0
end_of_record
TN:
SF:C:\projets\miniat-react\miniatauto-react\src\pages\MainPage.js
FN:29,(anonymous_0)
FN:47,(anonymous_1)
FN:48,(anonymous_2)
FN:49,(anonymous_3)
FN:66,(anonymous_4)
FN:67,(anonymous_5)
FN:75,(anonymous_6)
FN:76,(anonymous_7)
FN:85,(anonymous_8)
FN:88,(anonymous_9)
FN:95,(anonymous_10)
FN:135,(anonymous_11)
FNF:12
FNH:0
FNDA:0,(anonymous_0)
FNDA:0,(anonymous_1)
FNDA:0,(anonymous_2)
FNDA:0,(anonymous_3)
FNDA:0,(anonymous_4)
FNDA:0,(anonymous_5)
FNDA:0,(anonymous_6)
FNDA:0,(anonymous_7)
FNDA:0,(anonymous_8)
FNDA:0,(anonymous_9)
FNDA:0,(anonymous_10)
FNDA:0,(anonymous_11)
DA:30,0
DA:31,0
DA:44,0
DA:48,0
DA:49,0
DA:50,0
DA:51,0
DA:52,0
DA:53,0
DA:54,0
DA:57,0
DA:59,0
DA:67,0
DA:68,0
DA:74,0
DA:75,0
DA:77,0
DA:88,0
DA:95,0
DA:103,0
DA:104,0
DA:106,0
DA:109,0
DA:110,0
DA:116,0
DA:136,0
LF:26
LH:0
BRDA:50,0,0,0
BRDA:50,0,1,0
BRDA:52,1,0,0
BRDA:52,1,1,0
BRDA:52,2,0,0
BRDA:52,2,1,0
BRDA:103,3,0,0
BRDA:103,3,1,0
BRDA:109,4,0,0
BRDA:109,4,1,0
BRDA:110,5,0,0
BRDA:110,5,1,0
BRDA:140,6,0,0
BRDA:140,6,1,0
BRDA:145,7,0,0
BRDA:145,7,1,0
BRF:16
BRH:0
end_of_record
TN:
SF:C:\projets\miniat-react\miniatauto-react\src\pages\StatusPage.js
FN:39,(anonymous_0)
FN:48,(anonymous_1)
FN:49,(anonymous_2)
FN:57,(anonymous_3)
FN:58,(anonymous_4)
FN:67,(anonymous_5)
FN:69,(anonymous_6)
FN:109,(anonymous_7)
FNF:8
FNH:0
FNDA:0,(anonymous_0)
FNDA:0,(anonymous_1)
FNDA:0,(anonymous_2)
FNDA:0,(anonymous_3)
FNDA:0,(anonymous_4)
FNDA:0,(anonymous_5)
FNDA:0,(anonymous_6)
FNDA:0,(anonymous_7)
DA:40,0
DA:41,0
DA:49,0
DA:50,0
DA:56,0
DA:57,0
DA:59,0
DA:69,0
DA:71,0
DA:109,1
DA:110,0
LF:11
LH:1
BRF:0
BRH:0
end_of_record
TN:
SF:C:\projets\miniat-react\miniatauto-react\src\pages\WhishlistPage.js
FN:12,(anonymous_0)
FN:23,(anonymous_1)
FN:24,(anonymous_2)
FN:32,(anonymous_3)
FN:33,(anonymous_4)
FN:42,(anonymous_5)
FN:47,(anonymous_6)
FN:47,(anonymous_7)
FN:51,(anonymous_8)
FNF:9
FNH:0
FNDA:0,(anonymous_0)
FNDA:0,(anonymous_1)
FNDA:0,(anonymous_2)
FNDA:0,(anonymous_3)
FNDA:0,(anonymous_4)
FNDA:0,(anonymous_5)
FNDA:0,(anonymous_6)
FNDA:0,(anonymous_7)
FNDA:0,(anonymous_8)
DA:13,0
DA:14,0
DA:24,0
DA:25,0
DA:31,0
DA:32,0
DA:34,0
DA:45,0
DA:47,0
DA:48,0
DA:51,0
DA:52,0
DA:54,0
LF:13
LH:0
BRF:0
BRH:0
end_of_record
TN:
SF:C:\projets\miniat-react\miniatauto-react\src\store\actions\projectActions.js
FN:1,(anonymous_0)
FN:2,(anonymous_1)
FN:11,(anonymous_2)
FN:13,(anonymous_3)
FNF:4
FNH:0
FNDA:0,(anonymous_0)
FNDA:0,(anonymous_1)
FNDA:0,(anonymous_2)
FNDA:0,(anonymous_3)
DA:1,1
DA:2,0
DA:3,0
DA:5,0
DA:12,0
DA:14,0
LF:6
LH:1
BRF:0
BRH:0
end_of_record
TN:
SF:C:\projets\miniat-react\miniatauto-react\src\store\reducers\authReducer.js
FN:3,(anonymous_0)
FNF:1
FNH:0
FNDA:0,(anonymous_0)
DA:1,0
DA:3,0
DA:4,0
LF:3
LH:0
BRDA:3,0,0,0
BRF:1
BRH:0
end_of_record
TN:
SF:C:\projets\miniat-react\miniatauto-react\src\store\reducers\carReducer.js
FN:793,(anonymous_0)
FN:813,(anonymous_1)
FNF:2
FNH:0
FNDA:0,(anonymous_0)
FNDA:0,(anonymous_1)
DA:1,0
DA:793,0
DA:794,0
DA:795,0
DA:797,0
DA:803,0
DA:804,0
DA:806,0
DA:812,0
DA:813,0
DA:814,0
DA:817,0
DA:823,0
LF:13
LH:0
BRDA:793,0,0,0
BRDA:794,1,0,0
BRDA:794,1,1,0
BRDA:803,2,0,0
BRDA:803,2,1,0
BRDA:812,3,0,0
BRDA:812,3,1,0
BRF:7
BRH:0
end_of_record
TN:
SF:C:\projets\miniat-react\miniatauto-react\src\store\reducers\projectReducer.js
FN:9,(anonymous_0)
FNF:1
FNH:0
FNDA:0,(anonymous_0)
DA:1,0
DA:9,0
DA:10,0
DA:12,0
DA:13,0
DA:15,0
DA:16,0
DA:18,0
LF:8
LH:0
BRDA:9,0,0,0
BRDA:10,1,0,0
BRDA:10,1,1,0
BRDA:10,1,2,0
BRF:4
BRH:0
end_of_record
TN:
SF:C:\projets\miniat-react\miniatauto-react\src\store\reducers\rootReducer.js
FNF:0
FNH:0
DA:10,0
LF:1
LH:0
BRF:0
BRH:0
end_of_record
TN:
SF:C:\projets\miniat-react\miniatauto-react\src\stories\index.js
FN:24,(anonymous_0)
FN:27,(anonymous_1)
FN:28,(anonymous_2)
FN:29,(anonymous_3)
FN:31,(anonymous_4)
FN:47,(anonymous_5)
FN:48,(anonymous_6)
FN:65,(anonymous_7)
FN:66,(anonymous_8)
FN:82,(anonymous_9)
FN:83,(anonymous_10)
FN:108,(anonymous_11)
FN:109,(anonymous_12)
FN:133,(anonymous_13)
FN:134,(anonymous_14)
FNF:15
FNH:0
FNDA:0,(anonymous_0)
FNDA:0,(anonymous_1)
FNDA:0,(anonymous_2)
FNDA:0,(anonymous_3)
FNDA:0,(anonymous_4)
FNDA:0,(anonymous_5)
FNDA:0,(anonymous_6)
FNDA:0,(anonymous_7)
FNDA:0,(anonymous_8)
FNDA:0,(anonymous_9)
FNDA:0,(anonymous_10)
FNDA:0,(anonymous_11)
FNDA:0,(anonymous_12)
FNDA:0,(anonymous_13)
FNDA:0,(anonymous_14)
DA:24,0
DA:26,0
DA:27,0
DA:28,0
DA:29,0
DA:31,0
DA:35,0
DA:42,0
DA:46,0
DA:47,0
DA:48,0
DA:51,0
DA:64,0
DA:65,0
DA:66,0
DA:69,0
DA:81,0
DA:82,0
DA:83,0
DA:86,0
DA:107,0
DA:108,0
DA:109,0
DA:112,0
DA:132,0
DA:133,0
DA:134,0
LF:27
LH:0
BRF:0
BRH:0
end_of_record
